#
# A fatal error has been detected by the Java Runtime Environment:
#
#  SIGSEGV (0xb) at pc=0x00007fe3990faba9, pid=45528, tid=45582
#
# JRE version: OpenJDK Runtime Environment (11.0.7+10) (build 11.0.7+10-post-Ubuntu-3ubuntu1)
# Java VM: OpenJDK 64-Bit Server VM (11.0.7+10-post-Ubuntu-3ubuntu1, mixed mode, sharing, tiered, compressed oops, parallel gc, linux-amd64)
# Problematic frame:
# V  [libjvm.so+0xbf9ba9]
#
# Core dump will be written. Default location: Core dumps may be processed with "/usr/share/apport/apport %p %s %c %d %P %E" (or dumping to /home/tomi/random/fri_3_letnik/prevajalniki/naloga11/core.45528)
#
# If you would like to submit a bug report, please visit:
#   https://bugs.launchpad.net/ubuntu/+source/openjdk-lts
#

---------------  S U M M A R Y ------------

Command Line: --add-modules=ALL-SYSTEM --add-opens=java.base/java.util=ALL-UNNAMED --add-opens=java.base/java.lang=ALL-UNNAMED -Declipse.application=org.eclipse.jdt.ls.core.id1 -Dosgi.bundles.defaultStartLevel=4 -Declipse.product=org.eclipse.jdt.ls.core.product -Dfile.encoding=utf8 -XX:+UseParallelGC -XX:GCTimeRatio=4 -XX:AdaptiveSizePolicyWeight=90 -Dsun.zip.disableMemoryMapping=true -Xmx1G -Xms100m -Xverify:none /home/tomi/.vscode/extensions/redhat.java-0.61.0/server/plugins/org.eclipse.equinox.launcher_1.5.700.v20200207-2156.jar -configuration /home/tomi/.config/Code/User/globalStorage/redhat.java/0.61.0/config_linux -data /home/tomi/.config/Code/User/workspaceStorage/61b5c29922d38f1a8fef7b5651612ed2/redhat.java/jdt_ws

Host: Intel(R) Core(TM) i5-7200U CPU @ 2.50GHz, 4 cores, 7G, Ubuntu 20.04 LTS
Time: Mon May 18 11:02:40 2020 CEST elapsed time: 1902 seconds (0d 0h 31m 42s)

---------------  T H R E A D  ---------------

Current thread (0x00007fe370004000):  GCTaskThread "ParGC Thread#3" [stack: 0x00007fe36648e000,0x00007fe36658e000] [id=45582]

Stack: [0x00007fe36648e000,0x00007fe36658e000],  sp=0x00007fe36658cc30,  free space=1019k
Native frames: (J=compiled Java code, A=aot compiled Java code, j=interpreted, Vv=VM code, C=native code)
V  [libjvm.so+0xbf9ba9]
V  [libjvm.so+0xbd66d1]
V  [libjvm.so+0x77399d]
V  [libjvm.so+0xd1e610]
V  [libjvm.so+0xb8e5e6]


siginfo: si_signo: 11 (SIGSEGV), si_code: 128 (SI_KERNEL), si_addr: 0x0000000000000000

Register to memory mapping:

RAX=0x7fe37c91b540ba49 is an unknown value
RBX=0x00007fe394113d50 points into unknown readable memory: 00 00 00 00 00 00 00 00
RCX=0x0000000000000003 is an unknown value
RDX=0x00007fe394113d50 points into unknown readable memory: 00 00 00 00 00 00 00 00
RSP=0x00007fe36658cc30 points into unknown readable memory: 00 00 00 00 00 00 00 00
RBP=0x00007fe36658cc90 points into unknown readable memory: 20 cd 58 66 e3 7f 00 00
RSI=0x00000000c35dba88 points into unknown readable memory: 04 3a 06 00 98 ba 5d c3
RDI=0x0000000800000000 is pointing into metadata
R8 =0x0 is NULL
R9 =0x000000000000006b is an unknown value
R10=0x00007fe3980290d4 points into unknown readable memory: 06 00 01 00
R11=0x00007fe3995fab88: <offset 0x00000000010f9b88> in /usr/lib/jvm/java-11-openjdk-amd64/lib/server/libjvm.so at 0x00007fe398501000
R12=0x00007fe394113d60 points into unknown readable memory: 62 c1 00 00 f2 0b 01 00
R13=0x00007fe36658cd84 points into unknown readable memory: ff ff ff ff
R14=0x00007fe39409c070 points into unknown readable memory: 68 13 5f 99 e3 7f 00 00
R15=0x00007fe370004000 points into unknown readable memory: 00 a5 5e 99 e3 7f 00 00


Registers:
RAX=0x7fe37c91b540ba49, RBX=0x00007fe394113d50, RCX=0x0000000000000003, RDX=0x00007fe394113d50
RSP=0x00007fe36658cc30, RBP=0x00007fe36658cc90, RSI=0x00000000c35dba88, RDI=0x0000000800000000
R8 =0x0000000000000000, R9 =0x000000000000006b, R10=0x00007fe3980290d4, R11=0x00007fe3995fab88
R12=0x00007fe394113d60, R13=0x00007fe36658cd84, R14=0x00007fe39409c070, R15=0x00007fe370004000
RIP=0x00007fe3990faba9, EFLAGS=0x0000000000010206, CSGSFS=0x002b000000000033, ERR=0x0000000000000000
  TRAPNO=0x000000000000000d

Top of Stack: (sp=0x00007fe36658cc30)
0x00007fe36658cc30:   0000000000000000 0000000000200000
0x00007fe36658cc40:   00007fe36658cc90 00000000c35dba88
0x00007fe36658cc50:   00007fe3940b0e50 0000000000200000
0x00007fe36658cc60:   00007fe3988d5f00 00007fe39409c070 

Instructions: (pc=0x00007fe3990faba9)
0x00007fe3990faaa9:   00 00 48 85 ff 0f 84 22 01 00 00 0f 1f 40 00 48
0x00007fe3990faab9:   8b 83 a0 00 00 00 48 83 f8 01 0f 84 27 02 00 00
0x00007fe3990faac9:   48 83 e8 01 48 89 83 a0 00 00 00 48 c1 e0 04 48
0x00007fe3990faad9:   01 c7 4c 8b 2f 8b 77 08 48 8d 05 45 74 54 00 48
0x00007fe3990faae9:   89 da 4c 89 ef 80 38 00 0f 84 89 01 00 00 e8 94
0x00007fe3990faaf9:   03 00 00 8b 53 10 8b 43 08 48 8b 7b 58 29 d0 25
0x00007fe3990fab09:   ff ff 01 00 74 0b 3d ff ff 01 00 0f 85 07 ff ff
0x00007fe3990fab19:   ff 48 85 ff 0f 85 ad fe ff ff 8b 53 70 8b 43 68
0x00007fe3990fab29:   29 d0 25 ff 1f 00 00 74 0b 3d ff 1f 00 00 0f 85
0x00007fe3990fab39:   e9 fe ff ff 48 83 bb b8 00 00 00 00 0f 85 db fe
0x00007fe3990fab49:   ff ff 48 83 c4 40 5b 41 5c 41 5d 41 5e 5d c3 0f
0x00007fe3990fab59:   1f 84 00 00 00 00 00 48 8b 55 c8 f0 49 0f b1 14
0x00007fe3990fab69:   24 48 3b 45 d0 0f 85 28 ff ff ff 48 8b 75 b8 0f
0x00007fe3990fab79:   1f 84 00 00 00 00 00 48 8d 05 a5 73 54 00 80 38
0x00007fe3990fab89:   00 0f 84 d0 00 00 00 48 8d 05 39 ab 51 00 8b 7e
0x00007fe3990fab99:   08 8b 48 08 48 d3 e7 48 03 38 48 8b 07 48 89 da
0x00007fe3990faba9:   ff 90 30 01 00 00 8b 53 08 8b 43 10 89 d6 29 c6
0x00007fe3990fabb9:   89 f0 a9 ff ff 01 00 0f 85 7a fe ff ff 48 8b bb
0x00007fe3990fabc9:   b8 00 00 00 48 85 ff 0f 85 e2 fe ff ff 8b 53 68
0x00007fe3990fabd9:   8b 43 70 89 d6 29 c6 89 f0 a9 ff 1f 00 00 0f 84
0x00007fe3990fabe9:   0f ff ff ff 83 ea 01 81 e2 ff 1f 00 00 89 53 68
0x00007fe3990fabf9:   f0 83 04 24 00 89 d0 89 d1 48 c1 e0 04 48 03 43
0x00007fe3990fac09:   78 4c 8b 28 4c 89 6d d0 8b 70 08 89 75 d8 8b 43
0x00007fe3990fac19:   70 29 c1 89 c8 25 ff 1f 00 00 74 0b 3d ff 1f 00
0x00007fe3990fac29:   00 0f 85 b1 fe ff ff 48 8b 43 70 89 55 c0 48 89
0x00007fe3990fac39:   45 c8 8b 4d cc 83 c1 01 89 4d c4 8b 4d c8 39 ca
0x00007fe3990fac49:   0f 84 40 01 00 00 48 8b 45 c0 48 89 43 70 e9 a0
0x00007fe3990fac59:   fe ff ff 0f 1f 40 00 48 8b 7e 08 e9 3a ff ff ff
0x00007fe3990fac69:   0f 1f 80 00 00 00 00 48 8b 7e 08 e9 98 fd ff ff
0x00007fe3990fac79:   0f 1f 80 00 00 00 00 e8 4b 06 00 00 e9 72 fe ff
0x00007fe3990fac89:   ff 66 0f 1f 44 00 00 48 8b 43 28 48 8b 4b 38 48
0x00007fe3990fac99:   c7 43 40 00 00 00 00 48 8b 37 48 8d 04 c7 4c 8b 


Stack slot to memory mapping:
stack at sp + 0 slots: 0x0 is NULL
stack at sp + 1 slots: 0x0000000000200000 is an unknown value
stack at sp + 2 slots: 0x00007fe36658cc90 points into unknown readable memory: 20 cd 58 66 e3 7f 00 00
stack at sp + 3 slots: 0x00000000c35dba88 points into unknown readable memory: 04 3a 06 00 98 ba 5d c3
stack at sp + 4 slots: 0x00007fe3940b0e50 points into unknown readable memory: 00 00 00 00 00 00 00 00
stack at sp + 5 slots: 0x0000000000200000 is an unknown value
stack at sp + 6 slots: 0x00007fe3988d5f00: <offset 0x00000000003d4f00> in /usr/lib/jvm/java-11-openjdk-amd64/lib/server/libjvm.so at 0x00007fe398501000
stack at sp + 7 slots: 0x00007fe39409c070 points into unknown readable memory: 68 13 5f 99 e3 7f 00 00


---------------  P R O C E S S  ---------------

Threads class SMR info:
_java_thread_list=0x00007fe3200d3c00, length=24, elements={
0x00007fe394015800, 0x00007fe39415b800, 0x00007fe39415d800, 0x00007fe394169800,
0x00007fe39416b800, 0x00007fe39416d800, 0x00007fe39416f800, 0x00007fe394191800,
0x00007fe3941e3800, 0x00007fe3943c7000, 0x00007fe3943f7800, 0x00007fe39440f000,
0x00007fe330114800, 0x00007fe330360000, 0x00007fe394437000, 0x00007fe3944d1000,
0x00007fe2f0003000, 0x00007fe344048000, 0x00007fe3140a4800, 0x00007fe324156800,
0x00007fe324159800, 0x00007fe314049000, 0x00007fe314096800, 0x00007fe2f00e4000
}

Java Threads: ( => current thread )
  0x00007fe394015800 JavaThread "main" [_thread_blocked, id=45531, stack(0x00007fe3980b5000,0x00007fe3981b6000)]
  0x00007fe39415b800 JavaThread "Reference Handler" daemon [_thread_blocked, id=45541, stack(0x00007fe3746ee000,0x00007fe3747ef000)]
  0x00007fe39415d800 JavaThread "Finalizer" daemon [_thread_blocked, id=45542, stack(0x00007fe3745ed000,0x00007fe3746ee000)]
  0x00007fe394169800 JavaThread "Signal Dispatcher" daemon [_thread_blocked, id=45543, stack(0x00007fe3744ec000,0x00007fe3745ed000)]
  0x00007fe39416b800 JavaThread "C2 CompilerThread0" daemon [_thread_blocked, id=45544, stack(0x00007fe3743eb000,0x00007fe3744ec000)]
  0x00007fe39416d800 JavaThread "C1 CompilerThread0" daemon [_thread_blocked, id=45545, stack(0x00007fe3742ea000,0x00007fe3743eb000)]
  0x00007fe39416f800 JavaThread "Sweeper thread" daemon [_thread_blocked, id=45546, stack(0x00007fe3741e9000,0x00007fe3742ea000)]
  0x00007fe394191800 JavaThread "Common-Cleaner" daemon [_thread_blocked, id=45548, stack(0x00007fe3740e8000,0x00007fe3741e9000)]
  0x00007fe3941e3800 JavaThread "Service Thread" daemon [_thread_blocked, id=45552, stack(0x00007fe366ea9000,0x00007fe366faa000)]
  0x00007fe3943c7000 JavaThread "Active Thread: Equinox Container: 794d42be-e3de-4043-b5d3-b0385388b37c" [_thread_blocked, id=45573, stack(0x00007fe366ba5000,0x00007fe366ca6000)]
  0x00007fe3943f7800 JavaThread "Framework Event Dispatcher: Equinox Container: 794d42be-e3de-4043-b5d3-b0385388b37c" daemon [_thread_blocked, id=45578, stack(0x00007fe366aa4000,0x00007fe366ba5000)]
  0x00007fe39440f000 JavaThread "Start Level: Equinox Container: 794d42be-e3de-4043-b5d3-b0385388b37c" daemon [_thread_blocked, id=45579, stack(0x00007fe3669a3000,0x00007fe366aa4000)]
  0x00007fe330114800 JavaThread "Worker-JM" [_thread_blocked, id=45588, stack(0x00007fe366ca6000,0x00007fe366da7000)]
  0x00007fe330360000 JavaThread "Java indexing" daemon [_thread_blocked, id=45597, stack(0x00007fe365888000,0x00007fe365989000)]
  0x00007fe394437000 JavaThread "pool-2-thread-1" [_thread_blocked, id=45611, stack(0x00007fe364d87000,0x00007fe364e88000)]
  0x00007fe3944d1000 JavaThread "pool-1-thread-1" [_thread_in_native, id=45614, stack(0x00007fe364a86000,0x00007fe364b87000)]
  0x00007fe2f0003000 JavaThread "Bundle File Closer" daemon [_thread_blocked, id=45630, stack(0x00007fe2f6b88000,0x00007fe2f6c89000)]
  0x00007fe344048000 JavaThread "Keep-Alive-SocketCleaner" daemon [_thread_blocked, id=45877, stack(0x00007fe2f760c000,0x00007fe2f770d000)]
  0x00007fe3140a4800 JavaThread "ForkJoinPool.commonPool-worker-7" daemon [_thread_blocked, id=47821, stack(0x00007fe36618b000,0x00007fe36628c000)]
  0x00007fe324156800 JavaThread "Worker-16: Publish Diagnostics" [_thread_blocked, id=48253, stack(0x00007fe2f710b000,0x00007fe2f720c000)]
  0x00007fe324159800 JavaThread "Worker-17" [_thread_blocked, id=48302, stack(0x00007fe2f4b7c000,0x00007fe2f4c7d000)]
  0x00007fe314049000 JavaThread "ForkJoinPool.commonPool-worker-5" daemon [_thread_blocked, id=48909, stack(0x00007fe2f5182000,0x00007fe2f5283000)]
  0x00007fe314096800 JavaThread "ForkJoinPool.commonPool-worker-1" daemon [_thread_blocked, id=48910, stack(0x00007fe364682000,0x00007fe364783000)]
  0x00007fe2f00e4000 JavaThread "Worker-19" [_thread_blocked, id=48949, stack(0x00007fe2f4c7d000,0x00007fe2f4d7e000)]

Other Threads:
  0x00007fe394158800 VMThread "VM Thread" [stack: 0x00007fe3747f1000,0x00007fe3748f1000] [id=45540]
  0x00007fe3941ed800 WatcherThread [stack: 0x00007fe366da9000,0x00007fe366ea9000] [id=45553]
  0x00007fe39402d800 GCTaskThread "ParGC Thread#0" [stack: 0x00007fe37c2e0000,0x00007fe37c3e0000] [id=45538]
  0x00007fe370001000 GCTaskThread "ParGC Thread#1" [stack: 0x00007fe366692000,0x00007fe366792000] [id=45580]
  0x00007fe370002800 GCTaskThread "ParGC Thread#2" [stack: 0x00007fe366590000,0x00007fe366690000] [id=45581]
=>0x00007fe370004000 GCTaskThread "ParGC Thread#3" [stack: 0x00007fe36648e000,0x00007fe36658e000] [id=45582]

Threads with active compile tasks:
C2 CompilerThread01902229 25027   !   4       org.eclipse.jdt.internal.compiler.parser.Scanner::getNextToken0 (3042 bytes)

VM state:at safepoint (normal execution)

VM Mutex/Monitor currently owned by a thread:  ([mutex/lock_event])
[0x00007fe394012550] Threads_lock - owner thread: 0x00007fe394158800
[0x00007fe394012d30] Heap_lock - owner thread: 0x00007fe324156800

Heap address: 0x00000000c0000000, size: 1024 MB, Compressed Oops mode: 32-bit
Narrow klass base: 0x0000000800000000, Narrow klass shift: 3
Compressed class space size: 1073741824 Address: 0x0000000840000000

Heap:
 PSYoungGen      total 11264K, used 2594K [0x00000000eab00000, 0x00000000ebb00000, 0x0000000100000000)
  eden space 8192K, 0% used [0x00000000eab00000,0x00000000eab00000,0x00000000eb300000)
  from space 3072K, 84% used [0x00000000eb800000,0x00000000eba88b28,0x00000000ebb00000)
  to   space 3584K, 0% used [0x00000000eb400000,0x00000000eb400000,0x00000000eb780000)
 ParOldGen       total 101888K, used 101857K [0x00000000c0000000, 0x00000000c6380000, 0x00000000eab00000)
  object space 101888K, 99% used [0x00000000c0000000,0x00000000c6378678,0x00000000c6380000)
 Metaspace       used 70683K, capacity 73828K, committed 74240K, reserved 1116160K
  class space    used 6382K, capacity 7570K, committed 7680K, reserved 1048576K

Card table byte_map: [0x00007fe37c536000,0x00007fe37c737000] _byte_map_base: 0x00007fe37bf36000

Marking Bits: (ParMarkBitMap*) 0x00007fe39965d260
 Begin Bits: [0x00007fe376000000, 0x00007fe377000000)
 End Bits:   [0x00007fe377000000, 0x00007fe378000000)

Polling page: 0x00007fe39807a000

Metaspace:

Usage:
  Non-class:     64,71 MB capacity,    62,79 MB ( 97%) used,     1,76 MB (  3%) free+waste,   156,38 KB ( <1%) overhead. 
      Class:      7,39 MB capacity,     6,23 MB ( 84%) used,     1,10 MB ( 15%) free+waste,    63,56 KB ( <1%) overhead. 
       Both:     72,10 MB capacity,    69,03 MB ( 96%) used,     2,86 MB (  4%) free+waste,   219,94 KB ( <1%) overhead. 

Virtual space:
  Non-class space:       66,00 MB reserved,      65,00 MB ( 98%) committed 
      Class space:        1,00 GB reserved,       7,50 MB ( <1%) committed 
             Both:        1,06 GB reserved,      72,50 MB (  7%) committed 

Chunk freelists:
   Non-Class:  238,00 KB
       Class:  110,00 KB
        Both:  348,00 KB

MaxMetaspaceSize: unlimited
CompressedClassSpaceSize: 1,00 GB

CodeHeap 'non-profiled nmethods': size=120032Kb used=19271Kb max_used=19311Kb free=100760Kb
 bounds [0x00007fe3843d5000, 0x00007fe3856c5000, 0x00007fe38b90d000]
CodeHeap 'profiled nmethods': size=120032Kb used=36236Kb max_used=39305Kb free=83795Kb
 bounds [0x00007fe37ce9d000, 0x00007fe37f5dd000, 0x00007fe3843d5000]
CodeHeap 'non-nmethods': size=5696Kb used=1322Kb max_used=1402Kb free=4373Kb
 bounds [0x00007fe37c90d000, 0x00007fe37cb7d000, 0x00007fe37ce9d000]
 total_blobs=34359 nmethods=15458 adapters=629
 compilation: enabled
              stopped_count=0, restarted_count=0
 full_count=0

Compilation events (20 events):
Event: 1901,800 Thread 0x00007fe39416d800 25019       3       org.eclipse.jdt.core.dom.ASTConverter::convert (536 bytes)
Event: 1901,806 Thread 0x00007fe39416d800 nmethod 25019 0x00007fe37e894790 code [0x00007fe37e894de0, 0x00007fe37e8998b8]
Event: 1901,810 Thread 0x00007fe39416b800 nmethod 25015 0x00007fe38559f190 code [0x00007fe38559f4c0, 0x00007fe3855a14b8]
Event: 1901,823 Thread 0x00007fe39416b800 25020       4       org.eclipse.jdt.core.dom.ASTConverter::buildBodyDeclarations (377 bytes)
Event: 1901,915 Thread 0x00007fe39416b800 nmethod 25020 0x00007fe38557be10 code [0x00007fe38557c0e0, 0x00007fe38557cea8]
Event: 1901,922 Thread 0x00007fe39416d800 25021 %     3       org.eclipse.jdt.internal.compiler.lookup.LookupEnvironment::getInaccessibleBinding @ 47 (254 bytes)
Event: 1901,925 Thread 0x00007fe39416d800 nmethod 25021% 0x00007fe37e349a90 code [0x00007fe37e349dc0, 0x00007fe37e34b688]
Event: 1901,925 Thread 0x00007fe39416d800 25022       3       org.eclipse.jdt.internal.compiler.lookup.LookupEnvironment::getInaccessibleBinding (254 bytes)
Event: 1901,927 Thread 0x00007fe39416d800 nmethod 25022 0x00007fe37e5d3f90 code [0x00007fe37e5d42a0, 0x00007fe37e5d5a48]
Event: 1901,980 Thread 0x00007fe39416d800 25023       3       org.eclipse.jdt.internal.compiler.parser.JavadocParser::createTypeReference (130 bytes)
Event: 1901,983 Thread 0x00007fe39416d800 nmethod 25023 0x00007fe37e0d7790 code [0x00007fe37e0d79e0, 0x00007fe37e0d8488]
Event: 1901,992 Thread 0x00007fe39416d800 25024       3       org.eclipse.jdt.internal.compiler.problem.ProblemReporter::importProblem (483 bytes)
Event: 1901,997 Thread 0x00007fe39416b800 25027   !   4       org.eclipse.jdt.internal.compiler.parser.Scanner::getNextToken0 (3042 bytes)
Event: 1902,015 Thread 0x00007fe39416d800 nmethod 25024 0x00007fe37ebd9c10 code [0x00007fe37ebda1e0, 0x00007fe37ebde498]
Event: 1902,015 Thread 0x00007fe39416d800 25026       3       org.eclipse.jdt.internal.core.CompilationUnitStructureRequestor::resolveDuplicates (153 bytes)
Event: 1902,026 Thread 0x00007fe39416d800 nmethod 25026 0x00007fe37e75c810 code [0x00007fe37e75cbc0, 0x00007fe37e75ec88]
Event: 1902,027 Thread 0x00007fe39416d800 25025   !   3       org.eclipse.jdt.internal.compiler.problem.ProblemReporter::handleUntagged (43 bytes)
Event: 1902,027 Thread 0x00007fe39416d800 nmethod 25025 0x00007fe37dcc2f90 code [0x00007fe37dcc3140, 0x00007fe37dcc3368]
Event: 1902,032 Thread 0x00007fe39416d800 25029       3       org.eclipse.jdt.internal.compiler.SourceElementNotifier::notifySourceElementRequestor (931 bytes)
Event: 1902,077 Thread 0x00007fe39416d800 nmethod 25029 0x00007fe37e7ad510 code [0x00007fe37e7ad900, 0x00007fe37e7b0118]

GC Heap History (20 events):
Event: 1901,633 GC heap after
{Heap after GC invocations=2797 (full 66):
 PSYoungGen      total 8704K, used 960K [0x00000000eab00000, 0x00000000eb580000, 0x0000000100000000)
  eden space 7680K, 0% used [0x00000000eab00000,0x00000000eab00000,0x00000000eb280000)
  from space 1024K, 93% used [0x00000000eb300000,0x00000000eb3f0000,0x00000000eb400000)
  to   space 1536K, 0% used [0x00000000eb400000,0x00000000eb400000,0x00000000eb580000)
 ParOldGen       total 101888K, used 90294K [0x00000000c0000000, 0x00000000c6380000, 0x00000000eab00000)
  object space 101888K, 88% used [0x00000000c0000000,0x00000000c582da50,0x00000000c6380000)
 Metaspace       used 70667K, capacity 73764K, committed 74240K, reserved 1116160K
  class space    used 6381K, capacity 7570K, committed 7680K, reserved 1048576K
}
Event: 1901,689 GC heap before
{Heap before GC invocations=2798 (full 66):
 PSYoungGen      total 8704K, used 8640K [0x00000000eab00000, 0x00000000eb580000, 0x0000000100000000)
  eden space 7680K, 100% used [0x00000000eab00000,0x00000000eb280000,0x00000000eb280000)
  from space 1024K, 93% used [0x00000000eb300000,0x00000000eb3f0000,0x00000000eb400000)
  to   space 1536K, 0% used [0x00000000eb400000,0x00000000eb400000,0x00000000eb580000)
 ParOldGen       total 101888K, used 90294K [0x00000000c0000000, 0x00000000c6380000, 0x00000000eab00000)
  object space 101888K, 88% used [0x00000000c0000000,0x00000000c582da50,0x00000000c6380000)
 Metaspace       used 70669K, capacity 73764K, committed 74240K, reserved 1116160K
  class space    used 6381K, capacity 7570K, committed 7680K, reserved 1048576K
}
Event: 1901,695 GC heap after
{Heap after GC invocations=2798 (full 66):
 PSYoungGen      total 9216K, used 1280K [0x00000000eab00000, 0x00000000eb580000, 0x0000000100000000)
  eden space 7680K, 0% used [0x00000000eab00000,0x00000000eab00000,0x00000000eb280000)
  from space 1536K, 83% used [0x00000000eb400000,0x00000000eb540000,0x00000000eb580000)
  to   space 1536K, 0% used [0x00000000eb280000,0x00000000eb280000,0x00000000eb400000)
 ParOldGen       total 101888K, used 91025K [0x00000000c0000000, 0x00000000c6380000, 0x00000000eab00000)
  object space 101888K, 89% used [0x00000000c0000000,0x00000000c58e44b8,0x00000000c6380000)
 Metaspace       used 70669K, capacity 73764K, committed 74240K, reserved 1116160K
  class space    used 6381K, capacity 7570K, committed 7680K, reserved 1048576K
}
Event: 1901,783 GC heap before
{Heap before GC invocations=2799 (full 66):
 PSYoungGen      total 9216K, used 8960K [0x00000000eab00000, 0x00000000eb580000, 0x0000000100000000)
  eden space 7680K, 100% used [0x00000000eab00000,0x00000000eb280000,0x00000000eb280000)
  from space 1536K, 83% used [0x00000000eb400000,0x00000000eb540000,0x00000000eb580000)
  to   space 1536K, 0% used [0x00000000eb280000,0x00000000eb280000,0x00000000eb400000)
 ParOldGen       total 101888K, used 91025K [0x00000000c0000000, 0x00000000c6380000, 0x00000000eab00000)
  object space 101888K, 89% used [0x00000000c0000000,0x00000000c58e44b8,0x00000000c6380000)
 Metaspace       used 70669K, capacity 73764K, committed 74240K, reserved 1116160K
  class space    used 6381K, capacity 7570K, committed 7680K, reserved 1048576K
}
Event: 1901,789 GC heap after
{Heap after GC invocations=2799 (full 66):
 PSYoungGen      total 9216K, used 1120K [0x00000000eab00000, 0x00000000eb580000, 0x0000000100000000)
  eden space 7680K, 0% used [0x00000000eab00000,0x00000000eab00000,0x00000000eb280000)
  from space 1536K, 72% used [0x00000000eb280000,0x00000000eb398000,0x00000000eb400000)
  to   space 1536K, 0% used [0x00000000eb400000,0x00000000eb400000,0x00000000eb580000)
 ParOldGen       total 101888K, used 92213K [0x00000000c0000000, 0x00000000c6380000, 0x00000000eab00000)
  object space 101888K, 90% used [0x00000000c0000000,0x00000000c5a0d730,0x00000000c6380000)
 Metaspace       used 70669K, capacity 73764K, committed 74240K, reserved 1116160K
  class space    used 6381K, capacity 7570K, committed 7680K, reserved 1048576K
}
Event: 1901,832 GC heap before
{Heap before GC invocations=2800 (full 66):
 PSYoungGen      total 9216K, used 8800K [0x00000000eab00000, 0x00000000eb580000, 0x0000000100000000)
  eden space 7680K, 100% used [0x00000000eab00000,0x00000000eb280000,0x00000000eb280000)
  from space 1536K, 72% used [0x00000000eb280000,0x00000000eb398000,0x00000000eb400000)
  to   space 1536K, 0% used [0x00000000eb400000,0x00000000eb400000,0x00000000eb580000)
 ParOldGen       total 101888K, used 92213K [0x00000000c0000000, 0x00000000c6380000, 0x00000000eab00000)
  object space 101888K, 90% used [0x00000000c0000000,0x00000000c5a0d730,0x00000000c6380000)
 Metaspace       used 70682K, capacity 73828K, committed 74240K, reserved 1116160K
  class space    used 6382K, capacity 7570K, committed 7680K, reserved 1048576K
}
Event: 1901,845 GC heap after
{Heap after GC invocations=2800 (full 66):
 PSYoungGen      total 8704K, used 949K [0x00000000eab00000, 0x00000000eb500000, 0x0000000100000000)
  eden space 7680K, 0% used [0x00000000eab00000,0x00000000eab00000,0x00000000eb280000)
  from space 1024K, 92% used [0x00000000eb400000,0x00000000eb4ed640,0x00000000eb500000)
  to   space 1024K, 0% used [0x00000000eb300000,0x00000000eb300000,0x00000000eb400000)
 ParOldGen       total 101888K, used 93020K [0x00000000c0000000, 0x00000000c6380000, 0x00000000eab00000)
  object space 101888K, 91% used [0x00000000c0000000,0x00000000c5ad7140,0x00000000c6380000)
 Metaspace       used 70682K, capacity 73828K, committed 74240K, reserved 1116160K
  class space    used 6382K, capacity 7570K, committed 7680K, reserved 1048576K
}
Event: 1901,883 GC heap before
{Heap before GC invocations=2801 (full 66):
 PSYoungGen      total 8704K, used 8629K [0x00000000eab00000, 0x00000000eb500000, 0x0000000100000000)
  eden space 7680K, 100% used [0x00000000eab00000,0x00000000eb280000,0x00000000eb280000)
  from space 1024K, 92% used [0x00000000eb400000,0x00000000eb4ed640,0x00000000eb500000)
  to   space 1024K, 0% used [0x00000000eb300000,0x00000000eb300000,0x00000000eb400000)
 ParOldGen       total 101888K, used 93020K [0x00000000c0000000, 0x00000000c6380000, 0x00000000eab00000)
  object space 101888K, 91% used [0x00000000c0000000,0x00000000c5ad7140,0x00000000c6380000)
 Metaspace       used 70682K, capacity 73828K, committed 74240K, reserved 1116160K
  class space    used 6382K, capacity 7570K, committed 7680K, reserved 1048576K
}
Event: 1901,896 GC heap after
{Heap after GC invocations=2801 (full 66):
 PSYoungGen      total 8704K, used 997K [0x00000000eab00000, 0x00000000eb780000, 0x0000000100000000)
  eden space 7680K, 0% used [0x00000000eab00000,0x00000000eab00000,0x00000000eb280000)
  from space 1024K, 97% used [0x00000000eb300000,0x00000000eb3f9630,0x00000000eb400000)
  to   space 2560K, 0% used [0x00000000eb500000,0x00000000eb500000,0x00000000eb780000)
 ParOldGen       total 101888K, used 94230K [0x00000000c0000000, 0x00000000c6380000, 0x00000000eab00000)
  object space 101888K, 92% used [0x00000000c0000000,0x00000000c5c05b50,0x00000000c6380000)
 Metaspace       used 70682K, capacity 73828K, committed 74240K, reserved 1116160K
  class space    used 6382K, capacity 7570K, committed 7680K, reserved 1048576K
}
Event: 1901,929 GC heap before
{Heap before GC invocations=2802 (full 66):
 PSYoungGen      total 8704K, used 8677K [0x00000000eab00000, 0x00000000eb780000, 0x0000000100000000)
  eden space 7680K, 100% used [0x00000000eab00000,0x00000000eb280000,0x00000000eb280000)
  from space 1024K, 97% used [0x00000000eb300000,0x00000000eb3f9630,0x00000000eb400000)
  to   space 2560K, 0% used [0x00000000eb500000,0x00000000eb500000,0x00000000eb780000)
 ParOldGen       total 101888K, used 94230K [0x00000000c0000000, 0x00000000c6380000, 0x00000000eab00000)
  object space 101888K, 92% used [0x00000000c0000000,0x00000000c5c05b50,0x00000000c6380000)
 Metaspace       used 70682K, capacity 73828K, committed 74240K, reserved 1116160K
  class space    used 6382K, capacity 7570K, committed 7680K, reserved 1048576K
}
Event: 1901,931 GC heap after
{Heap after GC invocations=2802 (full 66):
 PSYoungGen      total 8704K, used 896K [0x00000000eab00000, 0x00000000eb600000, 0x0000000100000000)
  eden space 7680K, 0% used [0x00000000eab00000,0x00000000eab00000,0x00000000eb280000)
  from space 1024K, 87% used [0x00000000eb500000,0x00000000eb5e0000,0x00000000eb600000)
  to   space 1536K, 0% used [0x00000000eb300000,0x00000000eb300000,0x00000000eb480000)
 ParOldGen       total 101888K, used 95176K [0x00000000c0000000, 0x00000000c6380000, 0x00000000eab00000)
  object space 101888K, 93% used [0x00000000c0000000,0x00000000c5cf2388,0x00000000c6380000)
 Metaspace       used 70682K, capacity 73828K, committed 74240K, reserved 1116160K
  class space    used 6382K, capacity 7570K, committed 7680K, reserved 1048576K
}
Event: 1901,973 GC heap before
{Heap before GC invocations=2803 (full 66):
 PSYoungGen      total 8704K, used 8576K [0x00000000eab00000, 0x00000000eb600000, 0x0000000100000000)
  eden space 7680K, 100% used [0x00000000eab00000,0x00000000eb280000,0x00000000eb280000)
  from space 1024K, 87% used [0x00000000eb500000,0x00000000eb5e0000,0x00000000eb600000)
  to   space 1536K, 0% used [0x00000000eb300000,0x00000000eb300000,0x00000000eb480000)
 ParOldGen       total 101888K, used 95176K [0x00000000c0000000, 0x00000000c6380000, 0x00000000eab00000)
  object space 101888K, 93% used [0x00000000c0000000,0x00000000c5cf2388,0x00000000c6380000)
 Metaspace       used 70682K, capacity 73828K, committed 74240K, reserved 1116160K
  class space    used 6382K, capacity 7570K, committed 7680K, reserved 1048576K
}
Event: 1901,979 GC heap after
{Heap after GC invocations=2803 (full 66):
 PSYoungGen      total 9216K, used 1136K [0x00000000eab00000, 0x00000000eb580000, 0x0000000100000000)
  eden space 7680K, 0% used [0x00000000eab00000,0x00000000eab00000,0x00000000eb280000)
  from space 1536K, 73% used [0x00000000eb300000,0x00000000eb41c140,0x00000000eb480000)
  to   space 1024K, 0% used [0x00000000eb480000,0x00000000eb480000,0x00000000eb580000)
 ParOldGen       total 101888K, used 95970K [0x00000000c0000000, 0x00000000c6380000, 0x00000000eab00000)
  object space 101888K, 94% used [0x00000000c0000000,0x00000000c5db8938,0x00000000c6380000)
 Metaspace       used 70682K, capacity 73828K, committed 74240K, reserved 1116160K
  class space    used 6382K, capacity 7570K, committed 7680K, reserved 1048576K
}
Event: 1902,004 GC heap before
{Heap before GC invocations=2804 (full 66):
 PSYoungGen      total 9216K, used 8816K [0x00000000eab00000, 0x00000000eb580000, 0x0000000100000000)
  eden space 7680K, 100% used [0x00000000eab00000,0x00000000eb280000,0x00000000eb280000)
  from space 1536K, 73% used [0x00000000eb300000,0x00000000eb41c140,0x00000000eb480000)
  to   space 1024K, 0% used [0x00000000eb480000,0x00000000eb480000,0x00000000eb580000)
 ParOldGen       total 101888K, used 95970K [0x00000000c0000000, 0x00000000c6380000, 0x00000000eab00000)
  object space 101888K, 94% used [0x00000000c0000000,0x00000000c5db8938,0x00000000c6380000)
 Metaspace       used 70682K, capacity 73828K, committed 74240K, reserved 1116160K
  class space    used 6382K, capacity 7570K, committed 7680K, reserved 1048576K
}
Event: 1902,010 GC heap after
{Heap after GC invocations=2804 (full 66):
 PSYoungGen      total 7680K, used 997K [0x00000000eab00000, 0x00000000eb880000, 0x0000000100000000)
  eden space 6656K, 0% used [0x00000000eab00000,0x00000000eab00000,0x00000000eb180000)
  from space 1024K, 97% used [0x00000000eb480000,0x00000000eb579630,0x00000000eb580000)
  to   space 3072K, 0% used [0x00000000eb180000,0x00000000eb180000,0x00000000eb480000)
 ParOldGen       total 101888K, used 97529K [0x00000000c0000000, 0x00000000c6380000, 0x00000000eab00000)
  object space 101888K, 95% used [0x00000000c0000000,0x00000000c5f3e4f8,0x00000000c6380000)
 Metaspace       used 70682K, capacity 73828K, committed 74240K, reserved 1116160K
  class space    used 6382K, capacity 7570K, committed 7680K, reserved 1048576K
}
Event: 1902,041 GC heap before
{Heap before GC invocations=2805 (full 66):
 PSYoungGen      total 7680K, used 7651K [0x00000000eab00000, 0x00000000eb880000, 0x0000000100000000)
  eden space 6656K, 99% used [0x00000000eab00000,0x00000000eb17f968,0x00000000eb180000)
  from space 1024K, 97% used [0x00000000eb480000,0x00000000eb579630,0x00000000eb580000)
  to   space 3072K, 0% used [0x00000000eb180000,0x00000000eb180000,0x00000000eb480000)
 ParOldGen       total 101888K, used 97529K [0x00000000c0000000, 0x00000000c6380000, 0x00000000eab00000)
  object space 101888K, 95% used [0x00000000c0000000,0x00000000c5f3e4f8,0x00000000c6380000)
 Metaspace       used 70682K, capacity 73828K, committed 74240K, reserved 1116160K
  class space    used 6382K, capacity 7570K, committed 7680K, reserved 1048576K
}
Event: 1902,055 GC heap after
{Heap after GC invocations=2805 (full 66):
 PSYoungGen      total 9728K, used 3069K [0x00000000eab00000, 0x00000000ebd00000, 0x0000000100000000)
  eden space 6656K, 0% used [0x00000000eab00000,0x00000000eab00000,0x00000000eb180000)
  from space 3072K, 99% used [0x00000000eb180000,0x00000000eb47f7a0,0x00000000eb480000)
  to   space 5120K, 0% used [0x00000000eb800000,0x00000000eb800000,0x00000000ebd00000)
 ParOldGen       total 101888K, used 98847K [0x00000000c0000000, 0x00000000c6380000, 0x00000000eab00000)
  object space 101888K, 97% used [0x00000000c0000000,0x00000000c6087d18,0x00000000c6380000)
 Metaspace       used 70682K, capacity 73828K, committed 74240K, reserved 1116160K
  class space    used 6382K, capacity 7570K, committed 7680K, reserved 1048576K
}
Event: 1902,084 GC heap before
{Heap before GC invocations=2806 (full 66):
 PSYoungGen      total 9728K, used 9725K [0x00000000eab00000, 0x00000000ebd00000, 0x0000000100000000)
  eden space 6656K, 100% used [0x00000000eab00000,0x00000000eb180000,0x00000000eb180000)
  from space 3072K, 99% used [0x00000000eb180000,0x00000000eb47f7a0,0x00000000eb480000)
  to   space 5120K, 0% used [0x00000000eb800000,0x00000000eb800000,0x00000000ebd00000)
 ParOldGen       total 101888K, used 98847K [0x00000000c0000000, 0x00000000c6380000, 0x00000000eab00000)
  object space 101888K, 97% used [0x00000000c0000000,0x00000000c6087d18,0x00000000c6380000)
 Metaspace       used 70683K, capacity 73828K, committed 74240K, reserved 1116160K
  class space    used 6382K, capacity 7570K, committed 7680K, reserved 1048576K
}
Event: 1902,095 GC heap after
{Heap after GC invocations=2806 (full 66):
 PSYoungGen      total 11264K, used 2594K [0x00000000eab00000, 0x00000000ebb00000, 0x0000000100000000)
  eden space 8192K, 0% used [0x00000000eab00000,0x00000000eab00000,0x00000000eb300000)
  from space 3072K, 84% used [0x00000000eb800000,0x00000000eba88b28,0x00000000ebb00000)
  to   space 3584K, 0% used [0x00000000eb400000,0x00000000eb400000,0x00000000eb780000)
 ParOldGen       total 101888K, used 101857K [0x00000000c0000000, 0x00000000c6380000, 0x00000000eab00000)
  object space 101888K, 99% used [0x00000000c0000000,0x00000000c6378678,0x00000000c6380000)
 Metaspace       used 70683K, capacity 73828K, committed 74240K, reserved 1116160K
  class space    used 6382K, capacity 7570K, committed 7680K, reserved 1048576K
}
Event: 1902,095 GC heap before
{Heap before GC invocations=2807 (full 67):
 PSYoungGen      total 11264K, used 2594K [0x00000000eab00000, 0x00000000ebb00000, 0x0000000100000000)
  eden space 8192K, 0% used [0x00000000eab00000,0x00000000eab00000,0x00000000eb300000)
  from space 3072K, 84% used [0x00000000eb800000,0x00000000eba88b28,0x00000000ebb00000)
  to   space 3584K, 0% used [0x00000000eb400000,0x00000000eb400000,0x00000000eb780000)
 ParOldGen       total 101888K, used 101857K [0x00000000c0000000, 0x00000000c6380000, 0x00000000eab00000)
  object space 101888K, 99% used [0x00000000c0000000,0x00000000c6378678,0x00000000c6380000)
 Metaspace       used 70683K, capacity 73828K, committed 74240K, reserved 1116160K
  class space    used 6382K, capacity 7570K, committed 7680K, reserved 1048576K
}

Deoptimization events (20 events):
Event: 1901,849 Thread 0x00007fe314096800 DEOPT PACKING pc=0x00007fe384ab26d8 sp=0x00007fe364780b10
Event: 1901,849 Thread 0x00007fe314096800 DEOPT UNPACKING pc=0x00007fe37c9353a5 sp=0x00007fe364780ae8 mode 2
Event: 1901,925 Thread 0x00007fe314096800 DEOPT PACKING pc=0x00007fe37e1fd4fa sp=0x00007fe36477fab0
Event: 1901,925 Thread 0x00007fe314096800 DEOPT UNPACKING pc=0x00007fe37c9351ba sp=0x00007fe36477efd8 mode 0
Event: 1901,996 Thread 0x00007fe314049000 Uncommon trap: trap_request=0xffffffde fr.pc=0x00007fe3854e2ba0 relative=0x0000000000003e00
Event: 1901,996 Thread 0x00007fe314049000 Uncommon trap: reason=class_check action=maybe_recompile pc=0x00007fe3854e2ba0 method=org.eclipse.jdt.internal.compiler.parser.AbstractCommentParser.commentParse()Z @ 1829 c2
Event: 1901,996 Thread 0x00007fe314049000 DEOPT PACKING pc=0x00007fe3854e2ba0 sp=0x00007fe2f52808c0
Event: 1901,996 Thread 0x00007fe314049000 DEOPT UNPACKING pc=0x00007fe37c9353a5 sp=0x00007fe2f52808b8 mode 2
Event: 1901,996 Thread 0x00007fe314049000 Uncommon trap: trap_request=0xffffffde fr.pc=0x00007fe384fb3ae4 relative=0x0000000000003da4
Event: 1901,996 Thread 0x00007fe314049000 Uncommon trap: reason=class_check action=maybe_recompile pc=0x00007fe384fb3ae4 method=org.eclipse.jdt.internal.compiler.parser.Scanner.getNextToken0()I @ 2544 c2
Event: 1901,996 Thread 0x00007fe314049000 DEOPT PACKING pc=0x00007fe384fb3ae4 sp=0x00007fe2f5280a20
Event: 1901,996 Thread 0x00007fe314049000 DEOPT UNPACKING pc=0x00007fe37c9353a5 sp=0x00007fe2f52809b8 mode 2
Event: 1901,996 Thread 0x00007fe314049000 Uncommon trap: trap_request=0xffffffde fr.pc=0x00007fe384fb3ae4 relative=0x0000000000003da4
Event: 1901,996 Thread 0x00007fe314049000 Uncommon trap: reason=class_check action=maybe_recompile pc=0x00007fe384fb3ae4 method=org.eclipse.jdt.internal.compiler.parser.Scanner.getNextToken0()I @ 2544 c2
Event: 1901,996 Thread 0x00007fe314049000 DEOPT PACKING pc=0x00007fe384fb3ae4 sp=0x00007fe2f5280a20
Event: 1901,996 Thread 0x00007fe314049000 DEOPT UNPACKING pc=0x00007fe37c9353a5 sp=0x00007fe2f52809b8 mode 2
Event: 1902,012 Thread 0x00007fe314049000 Uncommon trap: trap_request=0xffffffde fr.pc=0x00007fe3854302e0 relative=0x00000000000011e0
Event: 1902,012 Thread 0x00007fe314049000 Uncommon trap: reason=class_check action=maybe_recompile pc=0x00007fe3854302e0 method=org.eclipse.jdt.internal.compiler.ast.FieldDeclaration.resolveJavadoc(Lorg/eclipse/jdt/internal/compiler/lookup/MethodScope;)V @ 48 c2
Event: 1902,012 Thread 0x00007fe314049000 DEOPT PACKING pc=0x00007fe3854302e0 sp=0x00007fe2f5280c20
Event: 1902,012 Thread 0x00007fe314049000 DEOPT UNPACKING pc=0x00007fe37c9353a5 sp=0x00007fe2f5280af0 mode 2

Classes redefined (0 events):
No events

Internal exceptions (20 events):
Event: 1902,061 Thread 0x00007fe324156800 Exception <a 'java/lang/ArrayIndexOutOfBoundsException'{0x00000000eabac530}: Index 2264 out of bounds for length 2264> (0x00000000eabac530) thrown at [src/hotspot/share/interpreter/interpreterRuntime.cpp, line 459]
Event: 1902,062 Thread 0x00007fe324156800 Exception <a 'java/lang/ArrayIndexOutOfBoundsException'{0x00000000eabcb258}: Index 47 out of bounds for length 47> (0x00000000eabcb258) thrown at [src/hotspot/share/interpreter/interpreterRuntime.cpp, line 459]
Event: 1902,062 Thread 0x00007fe324156800 Exception <a 'java/lang/ArrayIndexOutOfBoundsException'{0x00000000eabceda8}: Index 47 out of bounds for length 47> (0x00000000eabceda8) thrown at [src/hotspot/share/interpreter/interpreterRuntime.cpp, line 459]
Event: 1902,063 Thread 0x00007fe324156800 Exception <a 'java/lang/ArrayIndexOutOfBoundsException'{0x00000000eac00ea8}: Index 91 out of bounds for length 91> (0x00000000eac00ea8) thrown at [src/hotspot/share/interpreter/interpreterRuntime.cpp, line 459]
Event: 1902,063 Thread 0x00007fe324156800 Exception <a 'java/lang/ArrayIndexOutOfBoundsException'{0x00000000eac04e80}: Index 91 out of bounds for length 91> (0x00000000eac04e80) thrown at [src/hotspot/share/interpreter/interpreterRuntime.cpp, line 459]
Event: 1902,063 Thread 0x00007fe324156800 Exception <a 'java/lang/ArrayIndexOutOfBoundsException'{0x00000000eac32600}: Index 62 out of bounds for length 62> (0x00000000eac32600) thrown at [src/hotspot/share/interpreter/interpreterRuntime.cpp, line 459]
Event: 1902,064 Thread 0x00007fe324156800 Exception <a 'java/lang/ArrayIndexOutOfBoundsException'{0x00000000eac35f88}: Index 62 out of bounds for length 62> (0x00000000eac35f88) thrown at [src/hotspot/share/interpreter/interpreterRuntime.cpp, line 459]
Event: 1902,064 Thread 0x00007fe324156800 Exception <a 'java/lang/ArrayIndexOutOfBoundsException'{0x00000000eac476d0}: Index 758 out of bounds for length 758> (0x00000000eac476d0) thrown at [src/hotspot/share/interpreter/interpreterRuntime.cpp, line 459]
Event: 1902,064 Thread 0x00007fe324156800 Exception <a 'java/lang/ArrayIndexOutOfBoundsException'{0x00000000eac680e8}: Index 178 out of bounds for length 178> (0x00000000eac680e8) thrown at [src/hotspot/share/interpreter/interpreterRuntime.cpp, line 459]
Event: 1902,064 Thread 0x00007fe324156800 Exception <a 'java/lang/ArrayIndexOutOfBoundsException'{0x00000000eac74188}: Index 281 out of bounds for length 281> (0x00000000eac74188) thrown at [src/hotspot/share/interpreter/interpreterRuntime.cpp, line 459]
Event: 1902,065 Thread 0x00007fe324156800 Exception <a 'java/lang/ArrayIndexOutOfBoundsException'{0x00000000eac8e1c0}: Index 277 out of bounds for length 277> (0x00000000eac8e1c0) thrown at [src/hotspot/share/interpreter/interpreterRuntime.cpp, line 459]
Event: 1902,065 Thread 0x00007fe324156800 Exception <a 'java/lang/ArrayIndexOutOfBoundsException'{0x00000000eacc23a0}: Index 104 out of bounds for length 104> (0x00000000eacc23a0) thrown at [src/hotspot/share/interpreter/interpreterRuntime.cpp, line 459]
Event: 1902,065 Thread 0x00007fe324156800 Exception <a 'java/lang/ArrayIndexOutOfBoundsException'{0x00000000eacdb868}: Index 104 out of bounds for length 104> (0x00000000eacdb868) thrown at [src/hotspot/share/interpreter/interpreterRuntime.cpp, line 459]
Event: 1902,066 Thread 0x00007fe324156800 Exception <a 'java/lang/ArrayIndexOutOfBoundsException'{0x00000000ead55c00}: Index 71 out of bounds for length 71> (0x00000000ead55c00) thrown at [src/hotspot/share/interpreter/interpreterRuntime.cpp, line 459]
Event: 1902,066 Thread 0x00007fe324156800 Exception <a 'java/lang/ArrayIndexOutOfBoundsException'{0x00000000eadcab80}: Index 71 out of bounds for length 71> (0x00000000eadcab80) thrown at [src/hotspot/share/interpreter/interpreterRuntime.cpp, line 459]
Event: 1902,066 Thread 0x00007fe3140a4800 Exception <a 'java/lang/ArrayIndexOutOfBoundsException'{0x00000000eadb4498}: Index 105639 out of bounds for length 105639> (0x00000000eadb4498) thrown at [src/hotspot/share/interpreter/interpreterRuntime.cpp, line 459]
Event: 1902,067 Thread 0x00007fe324156800 Exception <a 'java/lang/ArrayIndexOutOfBoundsException'{0x00000000eae0cf10}: Index 96 out of bounds for length 96> (0x00000000eae0cf10) thrown at [src/hotspot/share/interpreter/interpreterRuntime.cpp, line 459]
Event: 1902,082 Thread 0x00007fe324156800 Exception <a 'java/lang/ArrayIndexOutOfBoundsException'{0x00000000eb072160}: Index 96 out of bounds for length 96> (0x00000000eb072160) thrown at [src/hotspot/share/interpreter/interpreterRuntime.cpp, line 459]
Event: 1902,083 Thread 0x00007fe324156800 Exception <a 'java/lang/ArrayIndexOutOfBoundsException'{0x00000000eb0dc8a0}: Index 1324 out of bounds for length 1324> (0x00000000eb0dc8a0) thrown at [src/hotspot/share/interpreter/interpreterRuntime.cpp, line 459]
Event: 1902,083 Thread 0x00007fe324156800 Exception <a 'java/lang/ArrayIndexOutOfBoundsException'{0x00000000eb160528}: Index 848 out of bounds for length 848> (0x00000000eb160528) thrown at [src/hotspot/share/interpreter/interpreterRuntime.cpp, line 459]

Events (20 events):
Event: 1901,695 Executing VM operation: ParallelGCFailedAllocation done
Event: 1901,783 Executing VM operation: ParallelGCFailedAllocation
Event: 1901,789 Executing VM operation: ParallelGCFailedAllocation done
Event: 1901,804 Executing VM operation: RevokeBias
Event: 1901,804 Executing VM operation: RevokeBias done
Event: 1901,832 Executing VM operation: ParallelGCFailedAllocation
Event: 1901,845 Executing VM operation: ParallelGCFailedAllocation done
Event: 1901,883 Executing VM operation: ParallelGCFailedAllocation
Event: 1901,896 Executing VM operation: ParallelGCFailedAllocation done
Event: 1901,929 Executing VM operation: ParallelGCFailedAllocation
Event: 1901,931 Executing VM operation: ParallelGCFailedAllocation done
Event: 1901,973 Executing VM operation: ParallelGCFailedAllocation
Event: 1901,979 Executing VM operation: ParallelGCFailedAllocation done
Event: 1902,003 Executing VM operation: ParallelGCFailedAllocation
Event: 1902,010 Executing VM operation: ParallelGCFailedAllocation done
Event: 1902,013 Executing VM operation: RevokeBias
Event: 1902,013 Executing VM operation: RevokeBias done
Event: 1902,039 Executing VM operation: ParallelGCFailedAllocation
Event: 1902,055 Executing VM operation: ParallelGCFailedAllocation done
Event: 1902,084 Executing VM operation: ParallelGCFailedAllocation


Dynamic libraries:
c0000000-c6380000 rw-p 00000000 00:00 0 
c6380000-eab00000 ---p 00000000 00:00 0 
eab00000-ebb00000 rw-p 00000000 00:00 0 
ebb00000-100000000 ---p 00000000 00:00 0 
800000000-800002000 rwxp 00001000 08:02 3546149                          /usr/lib/jvm/java-11-openjdk-amd64/lib/server/classes.jsa
800002000-8003b8000 rw-p 00003000 08:02 3546149                          /usr/lib/jvm/java-11-openjdk-amd64/lib/server/classes.jsa
8003b8000-800a93000 r--p 003b9000 08:02 3546149                          /usr/lib/jvm/java-11-openjdk-amd64/lib/server/classes.jsa
800a93000-800a94000 rw-p 00a94000 08:02 3546149                          /usr/lib/jvm/java-11-openjdk-amd64/lib/server/classes.jsa
800a94000-8010a0000 r--p 00a95000 08:02 3546149                          /usr/lib/jvm/java-11-openjdk-amd64/lib/server/classes.jsa
840000000-840780000 rw-p 00000000 00:00 0 
840780000-880000000 ---p 00000000 00:00 0 
55f3e635c000-55f3e635d000 r--p 00000000 08:02 3418880                    /usr/lib/jvm/java-11-openjdk-amd64/bin/java
55f3e635d000-55f3e635e000 r-xp 00001000 08:02 3418880                    /usr/lib/jvm/java-11-openjdk-amd64/bin/java
55f3e635e000-55f3e635f000 r--p 00002000 08:02 3418880                    /usr/lib/jvm/java-11-openjdk-amd64/bin/java
55f3e635f000-55f3e6360000 r--p 00002000 08:02 3418880                    /usr/lib/jvm/java-11-openjdk-amd64/bin/java
55f3e6360000-55f3e6361000 rw-p 00003000 08:02 3418880                    /usr/lib/jvm/java-11-openjdk-amd64/bin/java
55f3e802b000-55f3e822f000 rw-p 00000000 00:00 0                          [heap]
7fe2efe00000-7fe2eff00000 rw-p 00000000 00:00 0 
7fe2eff00000-7fe2f0000000 ---p 00000000 00:00 0 
7fe2f0000000-7fe2f0b9a000 rw-p 00000000 00:00 0 
7fe2f0b9a000-7fe2f4000000 ---p 00000000 00:00 0 
7fe2f4073000-7fe2f4273000 rw-p 00000000 00:00 0 
7fe2f4273000-7fe2f4277000 ---p 00000000 00:00 0 
7fe2f4277000-7fe2f4374000 rw-p 00000000 00:00 0 
7fe2f4374000-7fe2f4378000 ---p 00000000 00:00 0 
7fe2f4378000-7fe2f4475000 rw-p 00000000 00:00 0 
7fe2f4475000-7fe2f4479000 ---p 00000000 00:00 0 
7fe2f4479000-7fe2f4576000 rw-p 00000000 00:00 0 
7fe2f4576000-7fe2f457a000 ---p 00000000 00:00 0 
7fe2f457a000-7fe2f4677000 rw-p 00000000 00:00 0 
7fe2f4677000-7fe2f467b000 ---p 00000000 00:00 0 
7fe2f467b000-7fe2f4778000 rw-p 00000000 00:00 0 
7fe2f4778000-7fe2f477c000 ---p 00000000 00:00 0 
7fe2f477c000-7fe2f4879000 rw-p 00000000 00:00 0 
7fe2f4879000-7fe2f487d000 ---p 00000000 00:00 0 
7fe2f487d000-7fe2f497a000 rw-p 00000000 00:00 0 
7fe2f497a000-7fe2f497e000 ---p 00000000 00:00 0 
7fe2f497e000-7fe2f4a7b000 rw-p 00000000 00:00 0 
7fe2f4a7b000-7fe2f4a7f000 ---p 00000000 00:00 0 
7fe2f4a7f000-7fe2f4b7c000 rw-p 00000000 00:00 0 
7fe2f4b7c000-7fe2f4b80000 ---p 00000000 00:00 0 
7fe2f4b80000-7fe2f4c7d000 rw-p 00000000 00:00 0 
7fe2f4c7d000-7fe2f4c81000 ---p 00000000 00:00 0 
7fe2f4c81000-7fe2f4d7e000 rw-p 00000000 00:00 0 
7fe2f4d7e000-7fe2f4d82000 ---p 00000000 00:00 0 
7fe2f4d82000-7fe2f4e7f000 rw-p 00000000 00:00 0 
7fe2f4e7f000-7fe2f4e83000 ---p 00000000 00:00 0 
7fe2f4e83000-7fe2f4f80000 rw-p 00000000 00:00 0 
7fe2f4f80000-7fe2f4f84000 ---p 00000000 00:00 0 
7fe2f4f84000-7fe2f5081000 rw-p 00000000 00:00 0 
7fe2f5081000-7fe2f5085000 ---p 00000000 00:00 0 
7fe2f5085000-7fe2f5182000 rw-p 00000000 00:00 0 
7fe2f5182000-7fe2f5186000 ---p 00000000 00:00 0 
7fe2f5186000-7fe2f5283000 rw-p 00000000 00:00 0 
7fe2f5283000-7fe2f5287000 ---p 00000000 00:00 0 
7fe2f5287000-7fe2f5384000 rw-p 00000000 00:00 0 
7fe2f5384000-7fe2f5388000 ---p 00000000 00:00 0 
7fe2f5388000-7fe2f5485000 rw-p 00000000 00:00 0 
7fe2f5485000-7fe2f5489000 ---p 00000000 00:00 0 
7fe2f5489000-7fe2f5786000 rw-p 00000000 00:00 0 
7fe2f5786000-7fe2f578a000 ---p 00000000 00:00 0 
7fe2f578a000-7fe2f5a87000 rw-p 00000000 00:00 0 
7fe2f5a87000-7fe2f5c87000 rw-p 00000000 00:00 0 
7fe2f5c87000-7fe2f5e87000 rw-p 00000000 00:00 0 
7fe2f5e87000-7fe2f6087000 rw-p 00000000 00:00 0 
7fe2f6087000-7fe2f6287000 rw-p 00000000 00:00 0 
7fe2f6287000-7fe2f6487000 rw-p 00000000 00:00 0 
7fe2f6487000-7fe2f6687000 rw-p 00000000 00:00 0 
7fe2f6687000-7fe2f6887000 rw-p 00000000 00:00 0 
7fe2f6887000-7fe2f6a87000 rw-p 00000000 00:00 0 
7fe2f6a87000-7fe2f6a8b000 ---p 00000000 00:00 0 
7fe2f6a8b000-7fe2f6b88000 rw-p 00000000 00:00 0 
7fe2f6b88000-7fe2f6b8c000 ---p 00000000 00:00 0 
7fe2f6b8c000-7fe2f6c89000 rw-p 00000000 00:00 0 
7fe2f6c89000-7fe2f6c8d000 ---p 00000000 00:00 0 
7fe2f6c8d000-7fe2f6f8a000 rw-p 00000000 00:00 0 
7fe2f700a000-7fe2f700e000 ---p 00000000 00:00 0 
7fe2f700e000-7fe2f710b000 rw-p 00000000 00:00 0 
7fe2f710b000-7fe2f710f000 ---p 00000000 00:00 0 
7fe2f710f000-7fe2f740c000 rw-p 00000000 00:00 0 
7fe2f740c000-7fe2f760c000 rw-p 00000000 00:00 0 
7fe2f760c000-7fe2f7610000 ---p 00000000 00:00 0 
7fe2f7610000-7fe2f790d000 rw-p 00000000 00:00 0 
7fe2f790d000-7fe300000000 r--s 00000000 08:02 3545844                    /usr/lib/jvm/java-11-openjdk-amd64/lib/modules
7fe300000000-7fe3004bb000 rw-p 00000000 00:00 0 
7fe3004bb000-7fe304000000 ---p 00000000 00:00 0 
7fe304000000-7fe30430c000 rw-p 00000000 00:00 0 
7fe30430c000-7fe308000000 ---p 00000000 00:00 0 
7fe308000000-7fe3080fa000 rw-p 00000000 00:00 0 
7fe3080fa000-7fe30c000000 ---p 00000000 00:00 0 
7fe30c000000-7fe30ec8a000 rw-p 00000000 00:00 0 
7fe30ec8a000-7fe310000000 ---p 00000000 00:00 0 
7fe310000000-7fe310021000 rw-p 00000000 00:00 0 
7fe310021000-7fe314000000 ---p 00000000 00:00 0 
7fe314000000-7fe314c88000 rw-p 00000000 00:00 0 
7fe314c88000-7fe318000000 ---p 00000000 00:00 0 
7fe318000000-7fe31a9fc000 rw-p 00000000 00:00 0 
7fe31a9fc000-7fe31c000000 ---p 00000000 00:00 0 
7fe31c000000-7fe31c864000 rw-p 00000000 00:00 0 
7fe31c864000-7fe320000000 ---p 00000000 00:00 0 
7fe320000000-7fe320e0a000 rw-p 00000000 00:00 0 
7fe320e0a000-7fe324000000 ---p 00000000 00:00 0 
7fe324000000-7fe324242000 rw-p 00000000 00:00 0 
7fe324242000-7fe328000000 ---p 00000000 00:00 0 
7fe328000000-7fe3280fa000 rw-p 00000000 00:00 0 
7fe3280fa000-7fe32c000000 ---p 00000000 00:00 0 
7fe32c000000-7fe32c0f3000 rw-p 00000000 00:00 0 
7fe32c0f3000-7fe330000000 ---p 00000000 00:00 0 
7fe330000000-7fe330a95000 rw-p 00000000 00:00 0 
7fe330a95000-7fe334000000 ---p 00000000 00:00 0 
7fe334000000-7fe3341a2000 rw-p 00000000 00:00 0 
7fe3341a2000-7fe338000000 ---p 00000000 00:00 0 
7fe338000000-7fe338032000 rw-p 00000000 00:00 0 
7fe338032000-7fe33c000000 ---p 00000000 00:00 0 
7fe33c000000-7fe33c021000 rw-p 00000000 00:00 0 
7fe33c021000-7fe340000000 ---p 00000000 00:00 0 
7fe340000000-7fe340766000 rw-p 00000000 00:00 0 
7fe340766000-7fe344000000 ---p 00000000 00:00 0 
7fe344000000-7fe346008000 rw-p 00000000 00:00 0 
7fe346008000-7fe348000000 ---p 00000000 00:00 0 
7fe348000000-7fe3488f2000 rw-p 00000000 00:00 0 
7fe3488f2000-7fe34c000000 ---p 00000000 00:00 0 
7fe34c000000-7fe34c021000 rw-p 00000000 00:00 0 
7fe34c021000-7fe350000000 ---p 00000000 00:00 0 
7fe350000000-7fe3501a9000 rw-p 00000000 00:00 0 
7fe3501a9000-7fe354000000 ---p 00000000 00:00 0 
7fe354000000-7fe354140000 rw-p 00000000 00:00 0 
7fe354140000-7fe358000000 ---p 00000000 00:00 0 
7fe358000000-7fe35bffa000 rw-p 00000000 00:00 0 
7fe35bffa000-7fe35c000000 ---p 00000000 00:00 0 
7fe35c000000-7fe35e27c000 rw-p 00000000 00:00 0 
7fe35e27c000-7fe360000000 ---p 00000000 00:00 0 
7fe360000000-7fe3605d9000 rw-p 00000000 00:00 0 
7fe3605d9000-7fe364000000 ---p 00000000 00:00 0 
7fe364082000-7fe364282000 rw-p 00000000 00:00 0 
7fe364282000-7fe364482000 rw-p 00000000 00:00 0 
7fe364482000-7fe364682000 rw-p 00000000 00:00 0 
7fe364682000-7fe364686000 ---p 00000000 00:00 0 
7fe364686000-7fe364783000 rw-p 00000000 00:00 0 
7fe364783000-7fe364787000 ---p 00000000 00:00 0 
7fe364787000-7fe364884000 rw-p 00000000 00:00 0 
7fe364884000-7fe364888000 ---p 00000000 00:00 0 
7fe364888000-7fe364985000 rw-p 00000000 00:00 0 
7fe364985000-7fe364989000 ---p 00000000 00:00 0 
7fe364989000-7fe364a86000 rw-p 00000000 00:00 0 
7fe364a86000-7fe364a8a000 ---p 00000000 00:00 0 
7fe364a8a000-7fe364d87000 rw-p 00000000 00:00 0 
7fe364d87000-7fe364d8b000 ---p 00000000 00:00 0 
7fe364d8b000-7fe365088000 rw-p 00000000 00:00 0 
7fe365088000-7fe365288000 rw-p 00000000 00:00 0 
7fe365288000-7fe365488000 rw-p 00000000 00:00 0 
7fe365488000-7fe365688000 rw-p 00000000 00:00 0 
7fe365688000-7fe365888000 rw-p 00000000 00:00 0 
7fe365888000-7fe36588c000 ---p 00000000 00:00 0 
7fe36588c000-7fe365989000 rw-p 00000000 00:00 0 
7fe365989000-7fe36598d000 ---p 00000000 00:00 0 
7fe36598d000-7fe365c8a000 rw-p 00000000 00:00 0 
7fe365c8a000-7fe365e8a000 rw-p 00000000 00:00 0 
7fe365e8a000-7fe365e8e000 ---p 00000000 00:00 0 
7fe365e8e000-7fe36618b000 rw-p 00000000 00:00 0 
7fe36618b000-7fe36618f000 ---p 00000000 00:00 0 
7fe36618f000-7fe36648c000 rw-p 00000000 00:00 0 
7fe36648c000-7fe36648d000 ---p 00000000 00:00 0 
7fe36648d000-7fe36658e000 rw-p 00000000 00:00 0 
7fe36658e000-7fe36658f000 ---p 00000000 00:00 0 
7fe36658f000-7fe366690000 rw-p 00000000 00:00 0 
7fe366690000-7fe366691000 ---p 00000000 00:00 0 
7fe366691000-7fe366792000 rw-p 00000000 00:00 0 
7fe366792000-7fe3667a2000 r-xp 00000000 08:02 3147009                    /home/tomi/.config/Code/User/globalStorage/redhat.java/0.61.0/config_linux/org.eclipse.equinox.launcher/org.eclipse.equinox.launcher.gtk.linux.x86_64_1.1.1100.v20190907-0426/eclipse_1801.so
7fe3667a2000-7fe3669a1000 ---p 00010000 08:02 3147009                    /home/tomi/.config/Code/User/globalStorage/redhat.java/0.61.0/config_linux/org.eclipse.equinox.launcher/org.eclipse.equinox.launcher.gtk.linux.x86_64_1.1.1100.v20190907-0426/eclipse_1801.so
7fe3669a1000-7fe3669a2000 r--p 0000f000 08:02 3147009                    /home/tomi/.config/Code/User/globalStorage/redhat.java/0.61.0/config_linux/org.eclipse.equinox.launcher/org.eclipse.equinox.launcher.gtk.linux.x86_64_1.1.1100.v20190907-0426/eclipse_1801.so
7fe3669a2000-7fe3669a3000 rw-p 00010000 08:02 3147009                    /home/tomi/.config/Code/User/globalStorage/redhat.java/0.61.0/config_linux/org.eclipse.equinox.launcher/org.eclipse.equinox.launcher.gtk.linux.x86_64_1.1.1100.v20190907-0426/eclipse_1801.so
7fe3669a3000-7fe3669a7000 ---p 00000000 00:00 0 
7fe3669a7000-7fe366aa4000 rw-p 00000000 00:00 0 
7fe366aa4000-7fe366aa8000 ---p 00000000 00:00 0 
7fe366aa8000-7fe366ba5000 rw-p 00000000 00:00 0 
7fe366ba5000-7fe366ba9000 ---p 00000000 00:00 0 
7fe366ba9000-7fe366ca6000 rw-p 00000000 00:00 0 
7fe366ca6000-7fe366caa000 ---p 00000000 00:00 0 
7fe366caa000-7fe366da7000 rw-p 00000000 00:00 0 
7fe366da7000-7fe366da8000 ---p 00000000 00:00 0 
7fe366da8000-7fe366ea9000 rw-p 00000000 00:00 0 
7fe366ea9000-7fe366ead000 ---p 00000000 00:00 0 
7fe366ead000-7fe366faa000 rw-p 00000000 00:00 0 
7fe366faa000-7fe368000000 r--p 00000000 08:02 3283375                    /usr/lib/locale/locale-archive
7fe368000000-7fe368053000 rw-p 00000000 00:00 0 
7fe368053000-7fe36c000000 ---p 00000000 00:00 0 
7fe36c000000-7fe36c1bc000 rw-p 00000000 00:00 0 
7fe36c1bc000-7fe370000000 ---p 00000000 00:00 0 
7fe370000000-7fe370157000 rw-p 00000000 00:00 0 
7fe370157000-7fe374000000 ---p 00000000 00:00 0 
7fe37404c000-7fe374050000 r--p 00000000 08:02 3284988                    /usr/lib/x86_64-linux-gnu/libresolv-2.31.so
7fe374050000-7fe374060000 r-xp 00004000 08:02 3284988                    /usr/lib/x86_64-linux-gnu/libresolv-2.31.so
7fe374060000-7fe374063000 r--p 00014000 08:02 3284988                    /usr/lib/x86_64-linux-gnu/libresolv-2.31.so
7fe374063000-7fe374064000 ---p 00017000 08:02 3284988                    /usr/lib/x86_64-linux-gnu/libresolv-2.31.so
7fe374064000-7fe374065000 r--p 00017000 08:02 3284988                    /usr/lib/x86_64-linux-gnu/libresolv-2.31.so
7fe374065000-7fe374066000 rw-p 00018000 08:02 3284988                    /usr/lib/x86_64-linux-gnu/libresolv-2.31.so
7fe374066000-7fe374068000 rw-p 00000000 00:00 0 
7fe37407b000-7fe374083000 r--p 00000000 08:02 3545840                    /usr/lib/jvm/java-11-openjdk-amd64/lib/libsunec.so
7fe374083000-7fe37409c000 r-xp 00008000 08:02 3545840                    /usr/lib/jvm/java-11-openjdk-amd64/lib/libsunec.so
7fe37409c000-7fe3740a6000 r--p 00021000 08:02 3545840                    /usr/lib/jvm/java-11-openjdk-amd64/lib/libsunec.so
7fe3740a6000-7fe3740a7000 ---p 0002b000 08:02 3545840                    /usr/lib/jvm/java-11-openjdk-amd64/lib/libsunec.so
7fe3740a7000-7fe3740ab000 r--p 0002b000 08:02 3545840                    /usr/lib/jvm/java-11-openjdk-amd64/lib/libsunec.so
7fe3740ab000-7fe3740ad000 rw-p 0002f000 08:02 3545840                    /usr/lib/jvm/java-11-openjdk-amd64/lib/libsunec.so
7fe3740ad000-7fe3740b1000 ---p 00000000 00:00 0 
7fe3740b1000-7fe3740cf000 rw-p 00000000 00:00 0 
7fe3740cf000-7fe3740d3000 r--p 00000000 08:02 3545834                    /usr/lib/jvm/java-11-openjdk-amd64/lib/libnet.so
7fe3740d3000-7fe3740e2000 r-xp 00004000 08:02 3545834                    /usr/lib/jvm/java-11-openjdk-amd64/lib/libnet.so
7fe3740e2000-7fe3740e6000 r--p 00013000 08:02 3545834                    /usr/lib/jvm/java-11-openjdk-amd64/lib/libnet.so
7fe3740e6000-7fe3740e7000 r--p 00016000 08:02 3545834                    /usr/lib/jvm/java-11-openjdk-amd64/lib/libnet.so
7fe3740e7000-7fe3740e8000 rw-p 00017000 08:02 3545834                    /usr/lib/jvm/java-11-openjdk-amd64/lib/libnet.so
7fe3740e8000-7fe3740ec000 ---p 00000000 00:00 0 
7fe3740ec000-7fe3741e9000 rw-p 00000000 00:00 0 
7fe3741e9000-7fe3741ed000 ---p 00000000 00:00 0 
7fe3741ed000-7fe3742ea000 rw-p 00000000 00:00 0 
7fe3742ea000-7fe3742ee000 ---p 00000000 00:00 0 
7fe3742ee000-7fe3743eb000 rw-p 00000000 00:00 0 
7fe3743eb000-7fe3743ef000 ---p 00000000 00:00 0 
7fe3743ef000-7fe3744ec000 rw-p 00000000 00:00 0 
7fe3744ec000-7fe3744f0000 ---p 00000000 00:00 0 
7fe3744f0000-7fe3745ed000 rw-p 00000000 00:00 0 
7fe3745ed000-7fe3745f1000 ---p 00000000 00:00 0 
7fe3745f1000-7fe3746ee000 rw-p 00000000 00:00 0 
7fe3746ee000-7fe3746f2000 ---p 00000000 00:00 0 
7fe3746f2000-7fe3747ef000 rw-p 00000000 00:00 0 
7fe3747ef000-7fe3747f0000 ---p 00000000 00:00 0 
7fe3747f0000-7fe378000000 rw-p 00000000 00:00 0 
7fe378000000-7fe379066000 rw-p 00000000 00:00 0 
7fe379066000-7fe37c000000 ---p 00000000 00:00 0 
7fe37c002000-7fe37c2de000 rw-p 00000000 00:00 0 
7fe37c2de000-7fe37c2df000 ---p 00000000 00:00 0 
7fe37c2df000-7fe37c412000 rw-p 00000000 00:00 0 
7fe37c412000-7fe37c536000 ---p 00000000 00:00 0 
7fe37c536000-7fe37c568000 rw-p 00000000 00:00 0 
7fe37c568000-7fe37c68b000 ---p 00000000 00:00 0 
7fe37c68b000-7fe37c694000 rw-p 00000000 00:00 0 
7fe37c694000-7fe37c736000 ---p 00000000 00:00 0 
7fe37c736000-7fe37c75d000 rw-p 00000000 00:00 0 
7fe37c75d000-7fe37c822000 ---p 00000000 00:00 0 
7fe37c822000-7fe37c871000 rw-p 00000000 00:00 0 
7fe37c871000-7fe37c90d000 ---p 00000000 00:00 0 
7fe37c90d000-7fe37cb7d000 rwxp 00000000 00:00 0 
7fe37cb7d000-7fe37ce9d000 ---p 00000000 00:00 0 
7fe37ce9d000-7fe37f5dd000 rwxp 00000000 00:00 0 
7fe37f5dd000-7fe3843d5000 ---p 00000000 00:00 0 
7fe3843d5000-7fe3856c5000 rwxp 00000000 00:00 0 
7fe3856c5000-7fe38b90d000 ---p 00000000 00:00 0 
7fe38b90d000-7fe394000000 r--s 00000000 08:02 3545844                    /usr/lib/jvm/java-11-openjdk-amd64/lib/modules
7fe394000000-7fe3944d7000 rw-p 00000000 00:00 0 
7fe3944d7000-7fe398000000 ---p 00000000 00:00 0 
7fe398000000-7fe398002000 r--p 00000000 08:02 3284804                    /usr/lib/x86_64-linux-gnu/libnss_dns-2.31.so
7fe398002000-7fe398006000 r-xp 00002000 08:02 3284804                    /usr/lib/x86_64-linux-gnu/libnss_dns-2.31.so
7fe398006000-7fe398007000 r--p 00006000 08:02 3284804                    /usr/lib/x86_64-linux-gnu/libnss_dns-2.31.so
7fe398007000-7fe398008000 r--p 00006000 08:02 3284804                    /usr/lib/x86_64-linux-gnu/libnss_dns-2.31.so
7fe398008000-7fe398009000 rw-p 00007000 08:02 3284804                    /usr/lib/x86_64-linux-gnu/libnss_dns-2.31.so
7fe398009000-7fe39800a000 r--p 00000000 08:02 3284812                    /usr/lib/x86_64-linux-gnu/libnss_mdns4_minimal.so.2
7fe39800a000-7fe39800c000 r-xp 00001000 08:02 3284812                    /usr/lib/x86_64-linux-gnu/libnss_mdns4_minimal.so.2
7fe39800c000-7fe39800d000 r--p 00003000 08:02 3284812                    /usr/lib/x86_64-linux-gnu/libnss_mdns4_minimal.so.2
7fe39800d000-7fe39800e000 r--p 00003000 08:02 3284812                    /usr/lib/x86_64-linux-gnu/libnss_mdns4_minimal.so.2
7fe39800e000-7fe39800f000 rw-p 00004000 08:02 3284812                    /usr/lib/x86_64-linux-gnu/libnss_mdns4_minimal.so.2
7fe39800f000-7fe398010000 r--p 00000000 08:02 3545815                    /usr/lib/jvm/java-11-openjdk-amd64/lib/libextnet.so
7fe398010000-7fe398011000 r-xp 00001000 08:02 3545815                    /usr/lib/jvm/java-11-openjdk-amd64/lib/libextnet.so
7fe398011000-7fe398012000 r--p 00002000 08:02 3545815                    /usr/lib/jvm/java-11-openjdk-amd64/lib/libextnet.so
7fe398012000-7fe398013000 r--p 00002000 08:02 3545815                    /usr/lib/jvm/java-11-openjdk-amd64/lib/libextnet.so
7fe398013000-7fe398014000 rw-p 00003000 08:02 3545815                    /usr/lib/jvm/java-11-openjdk-amd64/lib/libextnet.so
7fe398014000-7fe39801b000 r--p 00000000 08:02 3545835                    /usr/lib/jvm/java-11-openjdk-amd64/lib/libnio.so
7fe39801b000-7fe398023000 r-xp 00007000 08:02 3545835                    /usr/lib/jvm/java-11-openjdk-amd64/lib/libnio.so
7fe398023000-7fe398026000 r--p 0000f000 08:02 3545835                    /usr/lib/jvm/java-11-openjdk-amd64/lib/libnio.so
7fe398026000-7fe398027000 r--p 00011000 08:02 3545835                    /usr/lib/jvm/java-11-openjdk-amd64/lib/libnio.so
7fe398027000-7fe398028000 rw-p 00012000 08:02 3545835                    /usr/lib/jvm/java-11-openjdk-amd64/lib/libnio.so
7fe398028000-7fe398041000 rw-p 00000000 00:00 0 
7fe398041000-7fe398048000 ---p 00000000 00:00 0 
7fe398048000-7fe39804a000 r--s 0000c000 08:02 3940886                    /usr/share/java/java-atk-wrapper.jar
7fe39804a000-7fe39804c000 r--p 00000000 08:02 3545826                    /usr/lib/jvm/java-11-openjdk-amd64/lib/libjimage.so
7fe39804c000-7fe39804f000 r-xp 00002000 08:02 3545826                    /usr/lib/jvm/java-11-openjdk-amd64/lib/libjimage.so
7fe39804f000-7fe398050000 r--p 00005000 08:02 3545826                    /usr/lib/jvm/java-11-openjdk-amd64/lib/libjimage.so
7fe398050000-7fe398051000 ---p 00006000 08:02 3545826                    /usr/lib/jvm/java-11-openjdk-amd64/lib/libjimage.so
7fe398051000-7fe398052000 r--p 00006000 08:02 3545826                    /usr/lib/jvm/java-11-openjdk-amd64/lib/libjimage.so
7fe398052000-7fe398053000 rw-p 00007000 08:02 3545826                    /usr/lib/jvm/java-11-openjdk-amd64/lib/libjimage.so
7fe398053000-7fe398056000 r--p 00000000 08:02 3284806                    /usr/lib/x86_64-linux-gnu/libnss_files-2.31.so
7fe398056000-7fe39805d000 r-xp 00003000 08:02 3284806                    /usr/lib/x86_64-linux-gnu/libnss_files-2.31.so
7fe39805d000-7fe39805f000 r--p 0000a000 08:02 3284806                    /usr/lib/x86_64-linux-gnu/libnss_files-2.31.so
7fe39805f000-7fe398060000 r--p 0000b000 08:02 3284806                    /usr/lib/x86_64-linux-gnu/libnss_files-2.31.so
7fe398060000-7fe398061000 rw-p 0000c000 08:02 3284806                    /usr/lib/x86_64-linux-gnu/libnss_files-2.31.so
7fe398061000-7fe398067000 rw-p 00000000 00:00 0 
7fe398068000-7fe39806a000 r--p 00000000 08:02 3545843                    /usr/lib/jvm/java-11-openjdk-amd64/lib/libzip.so
7fe39806a000-7fe39806e000 r-xp 00002000 08:02 3545843                    /usr/lib/jvm/java-11-openjdk-amd64/lib/libzip.so
7fe39806e000-7fe398070000 r--p 00006000 08:02 3545843                    /usr/lib/jvm/java-11-openjdk-amd64/lib/libzip.so
7fe398070000-7fe398071000 r--p 00007000 08:02 3545843                    /usr/lib/jvm/java-11-openjdk-amd64/lib/libzip.so
7fe398071000-7fe398072000 rw-p 00008000 08:02 3545843                    /usr/lib/jvm/java-11-openjdk-amd64/lib/libzip.so
7fe398072000-7fe39807a000 rw-s 00000000 08:02 1179714                    /tmp/hsperfdata_tomi/45528
7fe39807a000-7fe39807b000 ---p 00000000 00:00 0 
7fe39807b000-7fe39807c000 r--p 00000000 00:00 0 
7fe39807c000-7fe39808a000 r--p 00000000 08:02 3545822                    /usr/lib/jvm/java-11-openjdk-amd64/lib/libjava.so
7fe39808a000-7fe3980a0000 r-xp 0000e000 08:02 3545822                    /usr/lib/jvm/java-11-openjdk-amd64/lib/libjava.so
7fe3980a0000-7fe3980a7000 r--p 00024000 08:02 3545822                    /usr/lib/jvm/java-11-openjdk-amd64/lib/libjava.so
7fe3980a7000-7fe3980a8000 r--p 0002a000 08:02 3545822                    /usr/lib/jvm/java-11-openjdk-amd64/lib/libjava.so
7fe3980a8000-7fe3980aa000 rw-p 0002b000 08:02 3545822                    /usr/lib/jvm/java-11-openjdk-amd64/lib/libjava.so
7fe3980aa000-7fe3980ad000 r--p 00000000 08:02 3285008                    /usr/lib/x86_64-linux-gnu/librt-2.31.so
7fe3980ad000-7fe3980b1000 r-xp 00003000 08:02 3285008                    /usr/lib/x86_64-linux-gnu/librt-2.31.so
7fe3980b1000-7fe3980b2000 r--p 00007000 08:02 3285008                    /usr/lib/x86_64-linux-gnu/librt-2.31.so
7fe3980b2000-7fe3980b3000 ---p 00008000 08:02 3285008                    /usr/lib/x86_64-linux-gnu/librt-2.31.so
7fe3980b3000-7fe3980b4000 r--p 00008000 08:02 3285008                    /usr/lib/x86_64-linux-gnu/librt-2.31.so
7fe3980b4000-7fe3980b5000 rw-p 00009000 08:02 3285008                    /usr/lib/x86_64-linux-gnu/librt-2.31.so
7fe3980b5000-7fe3980b9000 ---p 00000000 00:00 0 
7fe3980b9000-7fe3981b6000 rw-p 00000000 00:00 0 
7fe3981b6000-7fe3981b9000 r--p 00000000 08:02 3284329                    /usr/lib/x86_64-linux-gnu/libgcc_s.so.1
7fe3981b9000-7fe3981cb000 r-xp 00003000 08:02 3284329                    /usr/lib/x86_64-linux-gnu/libgcc_s.so.1
7fe3981cb000-7fe3981cf000 r--p 00015000 08:02 3284329                    /usr/lib/x86_64-linux-gnu/libgcc_s.so.1
7fe3981cf000-7fe3981d0000 r--p 00018000 08:02 3284329                    /usr/lib/x86_64-linux-gnu/libgcc_s.so.1
7fe3981d0000-7fe3981d1000 rw-p 00019000 08:02 3284329                    /usr/lib/x86_64-linux-gnu/libgcc_s.so.1
7fe3981d1000-7fe3981e0000 r--p 00000000 08:02 3284682                    /usr/lib/x86_64-linux-gnu/libm-2.31.so
7fe3981e0000-7fe398287000 r-xp 0000f000 08:02 3284682                    /usr/lib/x86_64-linux-gnu/libm-2.31.so
7fe398287000-7fe39831e000 r--p 000b6000 08:02 3284682                    /usr/lib/x86_64-linux-gnu/libm-2.31.so
7fe39831e000-7fe39831f000 r--p 0014c000 08:02 3284682                    /usr/lib/x86_64-linux-gnu/libm-2.31.so
7fe39831f000-7fe398320000 rw-p 0014d000 08:02 3284682                    /usr/lib/x86_64-linux-gnu/libm-2.31.so
7fe398320000-7fe3983b6000 r--p 00000000 08:02 3285110                    /usr/lib/x86_64-linux-gnu/libstdc++.so.6.0.28
7fe3983b6000-7fe3984a6000 r-xp 00096000 08:02 3285110                    /usr/lib/x86_64-linux-gnu/libstdc++.so.6.0.28
7fe3984a6000-7fe3984ef000 r--p 00186000 08:02 3285110                    /usr/lib/x86_64-linux-gnu/libstdc++.so.6.0.28
7fe3984ef000-7fe3984f0000 ---p 001cf000 08:02 3285110                    /usr/lib/x86_64-linux-gnu/libstdc++.so.6.0.28
7fe3984f0000-7fe3984fb000 r--p 001cf000 08:02 3285110                    /usr/lib/x86_64-linux-gnu/libstdc++.so.6.0.28
7fe3984fb000-7fe3984fe000 rw-p 001da000 08:02 3285110                    /usr/lib/x86_64-linux-gnu/libstdc++.so.6.0.28
7fe3984fe000-7fe398501000 rw-p 00000000 00:00 0 
7fe398501000-7fe39876e000 r--p 00000000 08:02 3545849                    /usr/lib/jvm/java-11-openjdk-amd64/lib/server/libjvm.so
7fe39876e000-7fe399301000 r-xp 0026d000 08:02 3545849                    /usr/lib/jvm/java-11-openjdk-amd64/lib/server/libjvm.so
7fe399301000-7fe399537000 r--p 00e00000 08:02 3545849                    /usr/lib/jvm/java-11-openjdk-amd64/lib/server/libjvm.so
7fe399537000-7fe399538000 ---p 01036000 08:02 3545849                    /usr/lib/jvm/java-11-openjdk-amd64/lib/server/libjvm.so
7fe399538000-7fe3995f5000 r--p 01036000 08:02 3545849                    /usr/lib/jvm/java-11-openjdk-amd64/lib/server/libjvm.so
7fe3995f5000-7fe39962f000 rw-p 010f3000 08:02 3545849                    /usr/lib/jvm/java-11-openjdk-amd64/lib/server/libjvm.so
7fe39962f000-7fe399687000 rw-p 00000000 00:00 0 
7fe399687000-7fe39968e000 r--p 00000000 08:02 3284947                    /usr/lib/x86_64-linux-gnu/libpthread-2.31.so
7fe39968e000-7fe39969f000 r-xp 00007000 08:02 3284947                    /usr/lib/x86_64-linux-gnu/libpthread-2.31.so
7fe39969f000-7fe3996a4000 r--p 00018000 08:02 3284947                    /usr/lib/x86_64-linux-gnu/libpthread-2.31.so
7fe3996a4000-7fe3996a5000 r--p 0001c000 08:02 3284947                    /usr/lib/x86_64-linux-gnu/libpthread-2.31.so
7fe3996a5000-7fe3996a6000 rw-p 0001d000 08:02 3284947                    /usr/lib/x86_64-linux-gnu/libpthread-2.31.so
7fe3996a6000-7fe3996aa000 rw-p 00000000 00:00 0 
7fe3996aa000-7fe3996ab000 r--p 00000000 08:02 3284179                    /usr/lib/x86_64-linux-gnu/libdl-2.31.so
7fe3996ab000-7fe3996ad000 r-xp 00001000 08:02 3284179                    /usr/lib/x86_64-linux-gnu/libdl-2.31.so
7fe3996ad000-7fe3996ae000 r--p 00003000 08:02 3284179                    /usr/lib/x86_64-linux-gnu/libdl-2.31.so
7fe3996ae000-7fe3996af000 r--p 00003000 08:02 3284179                    /usr/lib/x86_64-linux-gnu/libdl-2.31.so
7fe3996af000-7fe3996b0000 rw-p 00004000 08:02 3284179                    /usr/lib/x86_64-linux-gnu/libdl-2.31.so
7fe3996b0000-7fe3996b2000 r--p 00000000 08:02 3285372                    /usr/lib/x86_64-linux-gnu/libz.so.1.2.11
7fe3996b2000-7fe3996c3000 r-xp 00002000 08:02 3285372                    /usr/lib/x86_64-linux-gnu/libz.so.1.2.11
7fe3996c3000-7fe3996c9000 r--p 00013000 08:02 3285372                    /usr/lib/x86_64-linux-gnu/libz.so.1.2.11
7fe3996c9000-7fe3996ca000 ---p 00019000 08:02 3285372                    /usr/lib/x86_64-linux-gnu/libz.so.1.2.11
7fe3996ca000-7fe3996cb000 r--p 00019000 08:02 3285372                    /usr/lib/x86_64-linux-gnu/libz.so.1.2.11
7fe3996cb000-7fe3996cc000 rw-p 0001a000 08:02 3285372                    /usr/lib/x86_64-linux-gnu/libz.so.1.2.11
7fe3996cc000-7fe3996f1000 r--p 00000000 08:02 3284044                    /usr/lib/x86_64-linux-gnu/libc-2.31.so
7fe3996f1000-7fe399869000 r-xp 00025000 08:02 3284044                    /usr/lib/x86_64-linux-gnu/libc-2.31.so
7fe399869000-7fe3998b3000 r--p 0019d000 08:02 3284044                    /usr/lib/x86_64-linux-gnu/libc-2.31.so
7fe3998b3000-7fe3998b4000 ---p 001e7000 08:02 3284044                    /usr/lib/x86_64-linux-gnu/libc-2.31.so
7fe3998b4000-7fe3998b7000 r--p 001e7000 08:02 3284044                    /usr/lib/x86_64-linux-gnu/libc-2.31.so
7fe3998b7000-7fe3998ba000 rw-p 001ea000 08:02 3284044                    /usr/lib/x86_64-linux-gnu/libc-2.31.so
7fe3998ba000-7fe3998be000 rw-p 00000000 00:00 0 
7fe3998bf000-7fe3998c4000 r--p 00000000 08:02 3545842                    /usr/lib/jvm/java-11-openjdk-amd64/lib/libverify.so
7fe3998c4000-7fe3998cb000 r-xp 00005000 08:02 3545842                    /usr/lib/jvm/java-11-openjdk-amd64/lib/libverify.so
7fe3998cb000-7fe3998cd000 r--p 0000c000 08:02 3545842                    /usr/lib/jvm/java-11-openjdk-amd64/lib/libverify.so
7fe3998cd000-7fe3998ce000 ---p 0000e000 08:02 3545842                    /usr/lib/jvm/java-11-openjdk-amd64/lib/libverify.so
7fe3998ce000-7fe3998d0000 r--p 0000e000 08:02 3545842                    /usr/lib/jvm/java-11-openjdk-amd64/lib/libverify.so
7fe3998d0000-7fe3998d1000 rw-p 00010000 08:02 3545842                    /usr/lib/jvm/java-11-openjdk-amd64/lib/libverify.so
7fe3998d1000-7fe3998d4000 r--p 00000000 08:02 3545806                    /usr/lib/jvm/java-11-openjdk-amd64/lib/jli/libjli.so
7fe3998d4000-7fe3998de000 r-xp 00003000 08:02 3545806                    /usr/lib/jvm/java-11-openjdk-amd64/lib/jli/libjli.so
7fe3998de000-7fe3998e1000 r--p 0000d000 08:02 3545806                    /usr/lib/jvm/java-11-openjdk-amd64/lib/jli/libjli.so
7fe3998e1000-7fe3998e2000 r--p 0000f000 08:02 3545806                    /usr/lib/jvm/java-11-openjdk-amd64/lib/jli/libjli.so
7fe3998e2000-7fe3998e3000 rw-p 00010000 08:02 3545806                    /usr/lib/jvm/java-11-openjdk-amd64/lib/jli/libjli.so
7fe3998e3000-7fe3998e5000 rw-p 00000000 00:00 0 
7fe3998e5000-7fe3998e6000 r--p 00000000 08:02 3283831                    /usr/lib/x86_64-linux-gnu/ld-2.31.so
7fe3998e6000-7fe399909000 r-xp 00001000 08:02 3283831                    /usr/lib/x86_64-linux-gnu/ld-2.31.so
7fe399909000-7fe399911000 r--p 00024000 08:02 3283831                    /usr/lib/x86_64-linux-gnu/ld-2.31.so
7fe399912000-7fe399913000 r--p 0002c000 08:02 3283831                    /usr/lib/x86_64-linux-gnu/ld-2.31.so
7fe399913000-7fe399914000 rw-p 0002d000 08:02 3283831                    /usr/lib/x86_64-linux-gnu/ld-2.31.so
7fe399914000-7fe399915000 rw-p 00000000 00:00 0 
7ffe436de000-7ffe436ff000 rw-p 00000000 00:00 0                          [stack]
7ffe437bd000-7ffe437c0000 r--p 00000000 00:00 0                          [vvar]
7ffe437c0000-7ffe437c1000 r-xp 00000000 00:00 0                          [vdso]
ffffffffff600000-ffffffffff601000 --xp 00000000 00:00 0                  [vsyscall]


VM Arguments:
jvm_args: --add-modules=ALL-SYSTEM --add-opens=java.base/java.util=ALL-UNNAMED --add-opens=java.base/java.lang=ALL-UNNAMED -Declipse.application=org.eclipse.jdt.ls.core.id1 -Dosgi.bundles.defaultStartLevel=4 -Declipse.product=org.eclipse.jdt.ls.core.product -Dfile.encoding=utf8 -XX:+UseParallelGC -XX:GCTimeRatio=4 -XX:AdaptiveSizePolicyWeight=90 -Dsun.zip.disableMemoryMapping=true -Xmx1G -Xms100m -Xverify:none 
java_command: /home/tomi/.vscode/extensions/redhat.java-0.61.0/server/plugins/org.eclipse.equinox.launcher_1.5.700.v20200207-2156.jar -configuration /home/tomi/.config/Code/User/globalStorage/redhat.java/0.61.0/config_linux -data /home/tomi/.config/Code/User/workspaceStorage/61b5c29922d38f1a8fef7b5651612ed2/redhat.java/jdt_ws
java_class_path (initial): /home/tomi/.vscode/extensions/redhat.java-0.61.0/server/plugins/org.eclipse.equinox.launcher_1.5.700.v20200207-2156.jar
Launcher Type: SUN_STANDARD

[Global flags]
    uintx AdaptiveSizePolicyWeight                 = 90                                        {product} {command line}
     bool BytecodeVerificationLocal                = false                                     {product} {command line}
     bool BytecodeVerificationRemote               = false                                     {product} {command line}
     intx CICompilerCount                          = 3                                         {product} {ergonomic}
    uintx GCTimeRatio                              = 4                                         {product} {command line}
   size_t InitialHeapSize                          = 104857600                                 {product} {command line}
   size_t MaxHeapSize                              = 1073741824                                {product} {command line}
   size_t MaxNewSize                               = 357564416                                 {product} {ergonomic}
   size_t MinHeapDeltaBytes                        = 524288                                    {product} {ergonomic}
   size_t NewSize                                  = 34603008                                  {product} {ergonomic}
    uintx NonNMethodCodeHeapSize                   = 5830732                                {pd product} {ergonomic}
    uintx NonProfiledCodeHeapSize                  = 122913754                              {pd product} {ergonomic}
   size_t OldSize                                  = 70254592                                  {product} {ergonomic}
    uintx ProfiledCodeHeapSize                     = 122913754                              {pd product} {ergonomic}
    uintx ReservedCodeCacheSize                    = 251658240                              {pd product} {ergonomic}
     bool SegmentedCodeCache                       = true                                      {product} {ergonomic}
     bool UseCompressedClassPointers               = true                                 {lp64_product} {ergonomic}
     bool UseCompressedOops                        = true                                 {lp64_product} {ergonomic}
     bool UseParallelGC                            = true                                      {product} {command line}

Logging:
Log output configuration:
 #0: stdout all=warning uptime,level,tags
 #1: stderr all=off uptime,level,tags

Environment Variables:
PATH=/usr/local/sbin:/usr/local/bin:/usr/sbin:/usr/bin:/sbin:/bin:/usr/games:/usr/local/games:/snap/bin
USERNAME=tomi
SHELL=/bin/bash
DISPLAY=:0

Signal Handlers:
SIGSEGV: [libjvm.so+0xd8cfb0], sa_mask[0]=11111111011111111101111111111110, sa_flags=SA_RESTART|SA_SIGINFO
SIGBUS: [libjvm.so+0xd8cfb0], sa_mask[0]=11111111011111111101111111111110, sa_flags=SA_RESTART|SA_SIGINFO
SIGFPE: [libjvm.so+0xd8cfb0], sa_mask[0]=11111111011111111101111111111110, sa_flags=SA_RESTART|SA_SIGINFO
SIGPIPE: [libjvm.so+0xb85c00], sa_mask[0]=11111111011111111101111111111110, sa_flags=SA_RESTART|SA_SIGINFO
SIGXFSZ: [libjvm.so+0xb85c00], sa_mask[0]=11111111011111111101111111111110, sa_flags=SA_RESTART|SA_SIGINFO
SIGILL: [libjvm.so+0xd8cfb0], sa_mask[0]=11111111011111111101111111111110, sa_flags=SA_RESTART|SA_SIGINFO
SIGUSR2: [libjvm.so+0xb85aa0], sa_mask[0]=00000000000000000000000000000000, sa_flags=SA_RESTART|SA_SIGINFO
SIGHUP: [libjvm.so+0xb85f40], sa_mask[0]=11111111011111111101111111111110, sa_flags=SA_RESTART|SA_SIGINFO
SIGINT: [libjvm.so+0xb85f40], sa_mask[0]=11111111011111111101111111111110, sa_flags=SA_RESTART|SA_SIGINFO
SIGTERM: [libjvm.so+0xb85f40], sa_mask[0]=11111111011111111101111111111110, sa_flags=SA_RESTART|SA_SIGINFO
SIGQUIT: [libjvm.so+0xb85f40], sa_mask[0]=11111111011111111101111111111110, sa_flags=SA_RESTART|SA_SIGINFO


---------------  S Y S T E M  ---------------

OS:DISTRIB_ID=Ubuntu
DISTRIB_RELEASE=20.04
DISTRIB_CODENAME=focal
DISTRIB_DESCRIPTION="Ubuntu 20.04 LTS"
uname:Linux 5.4.0-29-generic #33-Ubuntu SMP Wed Apr 29 14:32:27 UTC 2020 x86_64
OS uptime: 0 days 23:49 hours
libc:glibc 2.31 NPTL 2.31 
rlimit: STACK 8192k, CORE 0k, NPROC 31291, NOFILE 1048576, AS infinity, CPU infinity, DATA infinity, FSIZE infinity
load average:1,93 1,61 2,02

/proc/meminfo:
MemTotal:        8066924 kB
MemFree:         1492340 kB
MemAvailable:    3578864 kB
Buffers:          237940 kB
Cached:          2612332 kB
SwapCached:           72 kB
Active:          4510316 kB
Inactive:        1385920 kB
Active(anon):    3069096 kB
Inactive(anon):   582396 kB
Active(file):    1441220 kB
Inactive(file):   803524 kB
Unevictable:      257428 kB
Mlocked:              32 kB
SwapTotal:       2097148 kB
SwapFree:        2096412 kB
Dirty:              3124 kB
Writeback:             0 kB
AnonPages:       3303168 kB
Mapped:           932356 kB
Shmem:            660288 kB
KReclaimable:     132020 kB
Slab:             261708 kB
SReclaimable:     132020 kB
SUnreclaim:       129688 kB
KernelStack:       16560 kB
PageTables:        43624 kB
NFS_Unstable:          0 kB
Bounce:                0 kB
WritebackTmp:          0 kB
CommitLimit:     6130608 kB
Committed_AS:   10718488 kB
VmallocTotal:   34359738367 kB
VmallocUsed:       53600 kB
VmallocChunk:          0 kB
Percpu:             3072 kB
HardwareCorrupted:     0 kB
AnonHugePages:         0 kB
ShmemHugePages:        0 kB
ShmemPmdMapped:        0 kB
FileHugePages:         0 kB
FilePmdMapped:         0 kB
CmaTotal:              0 kB
CmaFree:               0 kB
HugePages_Total:       0
HugePages_Free:        0
HugePages_Rsvd:        0
HugePages_Surp:        0
Hugepagesize:       2048 kB
Hugetlb:               0 kB
DirectMap4k:      315700 kB
DirectMap2M:     7987200 kB
DirectMap1G:           0 kB


/proc/sys/kernel/threads-max (system-wide limit on the number of threads):
62583


/proc/sys/vm/max_map_count (maximum number of memory map areas a process may have):
65530


/proc/sys/kernel/pid_max (system-wide limit on number of process identifiers):
4194304



container (cgroup) information:
container_type: cgroupv1
cpu_cpuset_cpus: 0-3
cpu_memory_nodes: 0
active_processor_count: 4
cpu_quota: -1
cpu_period: 100000
cpu_shares: -1
memory_limit_in_bytes: -1
memory_and_swap_limit_in_bytes: -2
memory_soft_limit_in_bytes: -1
memory_usage_in_bytes: 5021609984
memory_max_usage_in_bytes: 6572130304

Steal ticks since vm start: 0
Steal ticks percentage since vm start:  0,000

CPU:total 4 (initial active 4) (2 cores per cpu, 2 threads per core) family 6 model 142 stepping 9, cmov, cx8, fxsr, mmx, sse, sse2, sse3, ssse3, sse4.1, sse4.2, popcnt, avx, avx2, aes, clmul, erms, 3dnowpref, lzcnt, ht, tsc, tscinvbit, bmi1, bmi2, adx, fma
CPU Model and flags from /proc/cpuinfo:
model name	: Intel(R) Core(TM) i5-7200U CPU @ 2.50GHz
flags		: fpu vme de pse tsc msr pae mce cx8 apic sep mtrr pge mca cmov pat pse36 clflush dts acpi mmx fxsr sse sse2 ss ht tm pbe syscall nx pdpe1gb rdtscp lm constant_tsc art arch_perfmon pebs bts rep_good nopl xtopology nonstop_tsc cpuid aperfmperf pni pclmulqdq dtes64 monitor ds_cpl vmx est tm2 ssse3 sdbg fma cx16 xtpr pdcm pcid sse4_1 sse4_2 x2apic movbe popcnt tsc_deadline_timer aes xsave avx f16c rdrand lahf_lm abm 3dnowprefetch cpuid_fault epb invpcid_single pti ssbd ibrs ibpb stibp tpr_shadow vnmi flexpriority ept vpid ept_ad fsgsbase tsc_adjust bmi1 avx2 smep bmi2 erms invpcid mpx rdseed adx smap clflushopt intel_pt xsaveopt xsavec xgetbv1 xsaves dtherm ida arat pln pts hwp hwp_notify hwp_act_window hwp_epp md_clear flush_l1d

Memory: 4k page, physical 8066924k(1492340k free), swap 2097148k(2096412k free)

vm_info: OpenJDK 64-Bit Server VM (11.0.7+10-post-Ubuntu-3ubuntu1) for linux-amd64 JRE (11.0.7+10-post-Ubuntu-3ubuntu1), built on Apr 16 2020 12:54:17 by "unknown" with gcc 9.3.0

END.
